#
# A fatal error has been detected by the Java Runtime Environment:
#
#  Internal Error (jvmciRuntime.cpp:1609), pid=29, tid=44
#  fatal error: Fatal exception in JVMCI: Error calling jdk.vm.ci.services.Services.serializeSavedProperties
#
# JRE version: OpenJDK Runtime Environment GraalVM CE 22.3.0 (17.0.5+8) (build 17.0.5+8-jvmci-22.3-b08)
# Java VM: OpenJDK 64-Bit Server VM GraalVM CE 22.3.0 (17.0.5+8-jvmci-22.3-b08, mixed mode, sharing, tiered, jvmci, jvmci compiler, compressed oops, compressed class ptrs, parallel gc, linux-amd64)
# Problematic frame:
# V  [libjvm.so+0x972714]  JVMCIRuntime::fatal_exception(JVMCIEnv*, char const*)+0x74
#
# Core dump will be written. Default location: Core dumps may be processed with "/usr/share/apport/apport -p%p -s%s -c%c -d%d -P%P -u%u -g%g -- %E" (or dumping to /home/runner/Aula3POO/core.29)
#
# If you would like to submit a bug report, please visit:
#   https://github.com/oracle/graal/issues
#

---------------  S U M M A R Y ------------

Command Line: -XX:ThreadPriorityPolicy=1 -XX:+UnlockExperimentalVMOptions -XX:+EnableJVMCIProduct -XX:JVMCIThreadsPerNativeLibraryRuntime=1 -XX:-UnlockExperimentalVMOptions -Declipse.application=org.eclipse.jdt.ls.core.id1 -Dosgi.bundles.defaultStartLevel=4 -Declipse.product=org.eclipse.jdt.ls.core.product -Dlog.level=ALL -Xverify:none -XX:+UseParallelGC -XX:GCTimeRatio=4 -XX:AdaptiveSizePolicyWeight=90 -Dsun.zip.disableMemoryMapping=true -Xmx512m -Xms100m /nix/store/m6gcpi1ii6rghy04cjwjddcavv7i90df-jdt-language-server-1.9.0/share/java/plugins/org.eclipse.equinox.launcher_1.6.400.v20210924-0641.jar --add-modules=ALL-SYSTEM --add-opens java.base/java.util=ALL-UNNAMED --add-opens java.base/java.lang=ALL-UNNAMED -configuration /home/runner/.cache/jdt-language-server/config -data /home/runner/.cache/jdt-language-server/data/home/runner/Aula3POO

Host: AMD EPYC 7B12, 8 cores, 1G, Ubuntu 20.04.2 LTS
Time: Mon Feb 13 23:47:45 2023 UTC elapsed time: 342.284398 seconds (0d 0h 5m 42s)

---------------  T H R E A D  ---------------

Current thread (0x00007f97140b21b0):  JavaThread "JVMCI-native CompilerThread0" daemon [_thread_in_vm, id=44, stack(0x00007f96faa00000,0x00007f96fac00000)]


Current CompileTask:
JVMCI-native: 342284 8656       4       org.eclipse.jdt.internal.compiler.util.HashtableOfModule::get (68 bytes)

Stack: [0x00007f96faa00000,0x00007f96fac00000],  sp=0x00007f96fabfe380,  free space=2040k
Native frames: (J=compiled Java code, j=interpreted, Vv=VM code, C=native code)
V  [libjvm.so+0x972714]  JVMCIRuntime::fatal_exception(JVMCIEnv*, char const*)+0x74
V  [libjvm.so+0x93e2fe]  JVMCIEnv::copy_saved_properties()+0x14e
V  [libjvm.so+0x9732a9]  JVMCIRuntime::initialize(JVMCIEnv*)+0xb19
V  [libjvm.so+0x9738a2]  JVMCIRuntime::get_HotSpotJVMCIRuntime(JVMCIEnv*)+0x12
V  [libjvm.so+0x9749f2]  JVMCIRuntime::compile_method(JVMCIEnv*, JVMCICompiler*, methodHandle const&, int)+0xd2
V  [libjvm.so+0x5b0d20]  CompileBroker::invoke_compiler_on_method(CompileTask*)+0x1470
V  [libjvm.so+0x5b12e8]  CompileBroker::compiler_thread_loop()+0x528
V  [libjvm.so+0xd82460]  JavaThread::thread_main_inner()+0xd0
V  [libjvm.so+0xd85a40]  Thread::call_run()+0xc0
V  [libjvm.so+0xbdb1e1]  thread_native_entry(Thread*)+0xe1

Register to memory mapping:

RAX=0x00007f971a74e000 points into unknown readable memory: 0x0000000000000058 | 58 00 00 00 00 00 00 00
RBX=0x00007f971b849398: <offset 0x0000000000ef5398> in /nix/store/gpxl5qgg8kicmcvivwmybwjlpf7wh20l-graalvm17-ce-22.3.0/lib/server/libjvm.so at 0x00007f971a954000
RCX=0x00007f971b8011e8: <offset 0x0000000000ead1e8> in /nix/store/gpxl5qgg8kicmcvivwmybwjlpf7wh20l-graalvm17-ce-22.3.0/lib/server/libjvm.so at 0x00007f971a954000
RDX=0x0000000000000649 is an unknown value
RSP=0x00007f96fabfe380 is pointing into the stack for thread: 0x00007f97140b21b0
RBP=0x00007f96fabfe3a0 is pointing into the stack for thread: 0x00007f97140b21b0
RSI=0x00007f971b849c48: <offset 0x0000000000ef5c48> in /nix/store/gpxl5qgg8kicmcvivwmybwjlpf7wh20l-graalvm17-ce-22.3.0/lib/server/libjvm.so at 0x00007f971a954000
RDI=0x00000000e0000000 is an oop: java.lang.String 
{0x00000000e0000000} - klass: 'java/lang/String'
 - string: "resolution"
R8 =0x00007f971b849398: <offset 0x0000000000ef5398> in /nix/store/gpxl5qgg8kicmcvivwmybwjlpf7wh20l-graalvm17-ce-22.3.0/lib/server/libjvm.so at 0x00007f971a954000
R9 =0x00007f96fabfe330 is pointing into the stack for thread: 0x00007f97140b21b0
R10=0x00007f96fabff948 is pointing into the stack for thread: 0x00007f97140b21b0
R11=0x0000000000000293 is an unknown value
R12=0x0 is NULL
R13=0x00007f97140b21b0 is a thread
R14=0x00007f9714000b80 points into unknown readable memory: 0x00007f971ba7aa38 | 38 aa a7 1b 97 7f 00 00
R15=0x00007f971bb88e40: <offset 0x0000000001234e40> in /nix/store/gpxl5qgg8kicmcvivwmybwjlpf7wh20l-graalvm17-ce-22.3.0/lib/server/libjvm.so at 0x00007f971a954000


Registers:
RAX=0x00007f971a74e000, RBX=0x00007f971b849398, RCX=0x00007f971b8011e8, RDX=0x0000000000000649
RSP=0x00007f96fabfe380, RBP=0x00007f96fabfe3a0, RSI=0x00007f971b849c48, RDI=0x00000000e0000000
R8 =0x00007f971b849398, R9 =0x00007f96fabfe330, R10=0x00007f96fabff948, R11=0x0000000000000293
R12=0x0000000000000000, R13=0x00007f97140b21b0, R14=0x00007f9714000b80, R15=0x00007f971bb88e40
RIP=0x00007f971b2c6714, EFLAGS=0x0000000000010206, CSGSFS=0x002b000000000033, ERR=0x0000000000000006
  TRAPNO=0x000000000000000e

Top of Stack: (sp=0x00007f96fabfe380)
0x00007f96fabfe380:   00007f96fabfe940 00007f97140b21b0
0x00007f96fabfe390:   00007f97190df8c8 0000000800c417a0
0x00007f96fabfe3a0:   00007f96fabfe500 00007f971b2922fe
0x00007f96fabfe3b0:   00007f96fabfe3e0 00007f96fabfe440 

Instructions: (pc=0x00007f971b2c6714)
0x00007f971b2c6614:   30 e8 f6 cf e8 ff 4c 89 e7 e8 2e 48 d1 ff 84 db
0x00007f971b2c6624:   75 2a 4d 85 ed 74 04 4d 8b 6d 00 48 83 c4 08 44
0x00007f971b2c6634:   89 f9 4c 89 f2 4c 89 ee 5b 4c 89 e7 41 5c 41 5d
0x00007f971b2c6644:   41 5e 41 5f 5d e9 e2 47 d1 ff 66 90 48 83 c4 08
0x00007f971b2c6654:   5b 41 5c 41 5d 41 5e 41 5f 5d c3 90 31 d2 be 08
0x00007f971b2c6664:   00 00 00 4c 89 ff e8 b1 78 a3 ff 49 89 c5 e9 37
0x00007f971b2c6674:   ff ff ff 66 0f 1f 84 00 00 00 00 00 48 8b 7a 08
0x00007f971b2c6684:   e9 6d ff ff ff 0f 1f 80 00 00 00 00 e8 5b 48 0a
0x00007f971b2c6694:   00 84 c0 75 89 e9 6a ff ff ff 66 90 55 48 89 e5
0x00007f971b2c66a4:   41 56 41 55 41 54 49 89 fc 53 48 89 f3 66 48 8d
0x00007f971b2c66b4:   3d 27 5e 85 00 66 66 48 e8 df 43 8d ff 4c 8b 28
0x00007f971b2c66c4:   8b 05 be 72 8a 00 85 c0 75 14 ba 01 00 00 00 48
0x00007f971b2c66d4:   8d 0d ae 72 8a 00 f0 0f b1 11 85 c0 74 4e be c8
0x00007f971b2c66e4:   00 00 00 4c 89 ef e8 01 0b 41 00 48 8d 05 12 ac
0x00007f971b2c66f4:   85 00 49 89 d8 48 8d 0d e8 aa 53 00 ba 49 06 00
0x00007f971b2c6704:   00 48 8d 35 3c 35 58 00 bf 00 00 00 e0 48 8b 00
0x00007f971b2c6714:   c6 00 58 31 c0 e8 e2 91 c6 ff 5b 41 5c 41 5d 41
0x00007f971b2c6724:   5e 5d e9 55 34 26 00 0f 1f 44 00 00 48 8d 05 81
0x00007f971b2c6734:   a3 8b 00 48 89 df 4c 8b 30 e8 9e 43 8d ff 48 89
0x00007f971b2c6744:   de 48 89 c2 49 8b 06 4c 89 f7 ff 50 08 4c 89 f7
0x00007f971b2c6754:   e8 a7 5c 27 00 4d 85 e4 74 12 be 01 00 00 00 4c
0x00007f971b2c6764:   89 e7 e8 35 43 fc ff eb 82 0f 1f 00 be 01 00 00
0x00007f971b2c6774:   00 4c 89 ef e8 d3 fd ff ff e9 6d ff ff ff 66 66
0x00007f971b2c6784:   2e 0f 1f 84 00 00 00 00 00 0f 1f 00 55 48 89 e5
0x00007f971b2c6794:   41 57 41 56 41 55 41 54 53 48 81 ec 08 02 00 00
0x00007f971b2c67a4:   64 48 8b 04 25 28 00 00 00 48 89 45 c8 8b 07 83
0x00007f971b2c67b4:   f8 02 0f 84 11 04 00 00 4c 8b 6f 18 49 89 ff 49
0x00007f971b2c67c4:   89 f4 4d 85 ed 74 14 4c 89 ef e8 5d 57 22 00 41
0x00007f971b2c67d4:   8b 07 83 f8 02 0f 84 19 04 00 00 48 8d 1d 9a 06
0x00007f971b2c67e4:   8a 00 4c 8d 35 0b 3c 58 00 eb 38 90 48 85 d2 7f
0x00007f971b2c67f4:   0d 48 8d 05 b4 c0 85 00 48 83 38 00 7e 0e 41 8b
0x00007f971b2c6804:   77 2c 4c 89 f7 31 c0 e8 a0 b2 f7 ff 49 8b 7f 18 


Stack slot to memory mapping:
stack at sp + 0 slots: 0x00007f96fabfe940 is pointing into the stack for thread: 0x00007f97140b21b0
stack at sp + 1 slots: 0x00007f97140b21b0 is a thread
stack at sp + 2 slots: 0x00007f97190df8c8 points into unknown readable memory: 0x6573001880c9ffff | ff ff c9 80 18 00 73 65
stack at sp + 3 slots: 0x0000000800c417a0 is a pointer to class: 
jdk.vm.ci.services.Services {0x0000000800c417a0}
 - instance size:     2
 - klass size:        65
 - access:            public final synchronized 
 - state:             fully_initialized
 - name:              'jdk/vm/ci/services/Services'
 - super:             'java/lang/Object'
 - sub:               
 - arrays:            NULL
 - methods:           Array<T>(0x00007f96fac44ca0)
 - method ordering:   Array<T>(0x0000000800928960)
 - default_methods:   Array<T>(0x0000000000000000)
 - local interfaces:  Array<T>(0x00000008005ce810)
 - trans. interfaces: Array<T>(0x00000008005ce810)
 - constants:         constant pool [427] {0x00007f96fac43d80} for 'jdk/vm/ci/services/Services' cache=0x00007f96fac45f70
 - class loader data:  loader data: 0x00007f97140283d0 of 'bootstrap'
 - source file:       'Services.java'
 - class annotations:       Array<T>(0x0000000000000000)
 - class type annotations:  Array<T>(0x0000000000000000)
 - field annotations:       Array<T>(0x0000000000000000)
 - field type annotations:  Array<T>(0x0000000000000000)
 - inner classes:     Array<T>(0x00007f96fac45f40)
 - nest members:     Array<T>(0x00007f96fac45f60)
 - permitted subclasses:     Array<T>(0x00000008005ce7a0)
 - java mirror:       a 'java/lang/Class'{0x00000000e0149040} = 'jdk/vm/ci/services/Services'
 - vtable length      5  (start addr: 0x0000000800c41970)
 - itable length      2 (start addr: 0x0000000800c41998)
 - ---- static fields (3 words):
 - public static final 'IS_BUILDING_NATIVE_IMAGE' 'Z' @128 
 - public static final 'IS_IN_NATIVE_IMAGE' 'Z' @129 
 - private static volatile 'savedProperties' 'Ljava/util/Map;' @112 
 - static final 'JVMCI_ENABLED' 'Z' @130 
 - private static final 'servicesCache' 'Ljava/util/Map;' @116 
 - private static final 'MAX_UNICODE_IN_UTF8_LENGTH' 'I' @120 
 - private static final 'MAX_UTF8_PROPERTY_STRING_LENGTH' 'I' @124 
 - ---- non-static fields (0 words):
 - non-static oop maps: 
stack at sp + 4 slots: 0x00007f96fabfe500 is pointing into the stack for thread: 0x00007f97140b21b0
stack at sp + 5 slots: 0x00007f971b2922fe: <offset 0x000000000093e2fe> in /nix/store/gpxl5qgg8kicmcvivwmybwjlpf7wh20l-graalvm17-ce-22.3.0/lib/server/libjvm.so at 0x00007f971a954000
stack at sp + 6 slots: 0x00007f96fabfe3e0 is pointing into the stack for thread: 0x00007f97140b21b0
stack at sp + 7 slots: 0x00007f96fabfe440 is pointing into the stack for thread: 0x00007f97140b21b0


---------------  P R O C E S S  ---------------

Threads class SMR info:
_java_thread_list=0x00007f965804f640, length=25, elements={
0x00007f9714026670, 0x00007f97140a64b0, 0x00007f97140a78f0, 0x00007f97140ae020,
0x00007f97140af3d0, 0x00007f97140b07c0, 0x00007f97140b21b0, 0x00007f97140b36c0,
0x00007f97140b4b10, 0x00007f97140d8200, 0x00007f971411f960, 0x00007f971430cb20,
0x00007f971433f9a0, 0x00007f9714342170, 0x00007f97146074e0, 0x00007f96a801a740,
0x00007f96a82a0ab0, 0x00007f969c0010d0, 0x00007f96a8481950, 0x00007f96a85ef6d0,
0x00007f9714437020, 0x00007f97143ab6e0, 0x00007f9648027e40, 0x00007f96841e0110,
0x00007f9690217470
}

Java Threads: ( => current thread )
  0x00007f9714026670 JavaThread "main" [_thread_blocked, id=36, stack(0x00007f971a76f000,0x00007f971a86f000)]
  0x00007f97140a64b0 JavaThread "Reference Handler" daemon [_thread_blocked, id=39, stack(0x00007f9718786000,0x00007f9718886000)]
  0x00007f97140a78f0 JavaThread "Finalizer" daemon [_thread_blocked, id=40, stack(0x00007f9718686000,0x00007f9718786000)]
  0x00007f97140ae020 JavaThread "Signal Dispatcher" daemon [_thread_blocked, id=41, stack(0x00007f97182a0000,0x00007f97183a0000)]
  0x00007f97140af3d0 JavaThread "Service Thread" daemon [_thread_blocked, id=42, stack(0x00007f97181a0000,0x00007f97182a0000)]
  0x00007f97140b07c0 JavaThread "Monitor Deflation Thread" daemon [_thread_blocked, id=43, stack(0x00007f97180a0000,0x00007f97181a0000)]
=>0x00007f97140b21b0 JavaThread "JVMCI-native CompilerThread0" daemon [_thread_in_vm, id=44, stack(0x00007f96faa00000,0x00007f96fac00000)]
  0x00007f97140b36c0 JavaThread "C1 CompilerThread0" daemon [_thread_blocked, id=45, stack(0x00007f96fa800000,0x00007f96faa00000)]
  0x00007f97140b4b10 JavaThread "Sweeper thread" daemon [_thread_blocked, id=46, stack(0x00007f96fa700000,0x00007f96fa800000)]
  0x00007f97140d8200 JavaThread "Common-Cleaner" daemon [_thread_blocked, id=47, stack(0x00007f96fa600000,0x00007f96fa700000)]
  0x00007f971411f960 JavaThread "Notification Thread" daemon [_thread_blocked, id=48, stack(0x00007f96fa500000,0x00007f96fa600000)]
  0x00007f971430cb20 JavaThread "Active Thread: Equinox Container: 8398c4d6-115a-47eb-bbeb-7fe70d763377" [_thread_blocked, id=62, stack(0x00007f96f9100000,0x00007f96f9200000)]
  0x00007f971433f9a0 JavaThread "Framework Event Dispatcher: Equinox Container: 8398c4d6-115a-47eb-bbeb-7fe70d763377" daemon [_thread_blocked, id=63, stack(0x00007f96f8f00000,0x00007f96f9000000)]
  0x00007f9714342170 JavaThread "Start Level: Equinox Container: 8398c4d6-115a-47eb-bbeb-7fe70d763377" daemon [_thread_blocked, id=64, stack(0x00007f96f8d00000,0x00007f96f8e00000)]
  0x00007f97146074e0 JavaThread "Refresh Thread: Equinox Container: 8398c4d6-115a-47eb-bbeb-7fe70d763377" daemon [_thread_blocked, id=65, stack(0x00007f96f8b00000,0x00007f96f8c00000)]
  0x00007f96a801a740 JavaThread "SCR Component Actor" daemon [_thread_blocked, id=74, stack(0x00007f96f8900000,0x00007f96f8a00000)]
  0x00007f96a82a0ab0 JavaThread "Worker-JM" [_thread_blocked, id=76, stack(0x00007f96f8500000,0x00007f96f8600000)]
  0x00007f969c0010d0 JavaThread "Worker-1" [_thread_blocked, id=84, stack(0x00007f96f8100000,0x00007f96f8200000)]
  0x00007f96a8481950 JavaThread "Java indexing" daemon [_thread_blocked, id=87, stack(0x00007f96c1b00000,0x00007f96c1c00000)]
  0x00007f96a85ef6d0 JavaThread "Bundle File Closer" daemon [_thread_blocked, id=88, stack(0x00007f96c1900000,0x00007f96c1a00000)]
  0x00007f9714437020 JavaThread "pool-3-thread-1" [_thread_blocked, id=89, stack(0x00007f96c1700000,0x00007f96c1800000)]
  0x00007f97143ab6e0 JavaThread "pool-2-thread-1" [_thread_blocked, id=99, stack(0x00007f96c1300000,0x00007f96c1400000)]
  0x00007f9648027e40 JavaThread "pool-4-thread-1" [_thread_blocked, id=263, stack(0x00007f96f8a00000,0x00007f96f8b00000)]
  0x00007f96841e0110 JavaThread "Thread-35" [_thread_blocked, id=349, stack(0x00007f96c1a00000,0x00007f96c1b00000)]
  0x00007f9690217470 JavaThread "Worker-8: Publish Diagnostics" [_thread_blocked, id=383, stack(0x00007f96f8400000,0x00007f96f8500000)]

Other Threads:
  0x00007f97140a1bf0 VMThread "VM Thread" [stack: 0x00007f9718888000,0x00007f9718988000] [id=38] _threads_hazard_ptr=0x00007f965804f640
  0x00007f9714121300 WatcherThread [stack: 0x00007f96fa400000,0x00007f96fa500000] [id=49]
  0x00007f971403df10 GCTaskThread "GC Thread#0" [stack: 0x00007f971a332000,0x00007f971a432000] [id=37]

Threads with active compile tasks:
JVMCI-native CompilerThread0   342349 8656       4       org.eclipse.jdt.internal.compiler.util.HashtableOfModule::get (68 bytes)

VM state: synchronizing (normal execution)

VM Mutex/Monitor currently owned by a thread:  ([mutex/lock_event])
[0x00007f9714023820] Threads_lock - owner thread: 0x00007f97140a1bf0
[0x00007f9714023fd0] Heap_lock - owner thread: 0x00007f9690217470

OutOfMemory and StackOverflow Exception counts:
OutOfMemoryError java_heap_errors=3
LinkageErrors=60

Heap address: 0x00000000e0000000, size: 512 MB, Compressed Oops mode: 32-bit

CDS archive(s) mapped at: [0x0000000800000000-0x0000000800bc8000-0x0000000800bc8000), size 12353536, SharedBaseAddress: 0x0000000800000000, ArchiveRelocationMode: 0.
Compressed class space mapped at: 0x0000000800c00000-0x0000000840c00000, reserved size: 1073741824
Narrow klass base: 0x0000000800000000, Narrow klass shift: 0, Narrow klass range: 0x100000000

GC Precious Log:
 CPUs: 8 total, 1 available
 Memory: 1024M
 Large Page Support: Disabled
 NUMA Support: Disabled
 Compressed Oops: Enabled (32-bit)
 Alignments: Space 512K, Generation 512K, Heap 2M
 Heap Min Capacity: 100M
 Heap Initial Capacity: 100M
 Heap Max Capacity: 512M
 Pre-touch: Disabled
 Parallel Workers: 1

Heap:
 PSYoungGen      total 40448K, used 23039K [0x00000000f5580000, 0x00000000f9100000, 0x0000000100000000)
  eden space 23040K, 99% used [0x00000000f5580000,0x00000000f6bffff8,0x00000000f6c00000)
  from space 17408K, 0% used [0x00000000f8000000,0x00000000f8000000,0x00000000f9100000)
  to   space 13824K, 0% used [0x00000000f6c00000,0x00000000f6c00000,0x00000000f7980000)
 ParOldGen       total 349696K, used 349695K [0x00000000e0000000, 0x00000000f5580000, 0x00000000f5580000)
  object space 349696K, 99% used [0x00000000e0000000,0x00000000f557fff0,0x00000000f5580000)
 Metaspace       used 56055K, committed 56896K, reserved 1105920K
  class space    used 5542K, committed 5888K, reserved 1048576K

Card table byte_map: [0x00007f971a432000,0x00007f971a533000] _byte_map_base: 0x00007f9719d32000

Marking Bits: (ParMarkBitMap*) 0x00007f971bb824c0
 Begin Bits: [0x00007f9719285000, 0x00007f9719a85000)
 End Bits:   [0x00007f9719a85000, 0x00007f971a285000)

Polling page: 0x00007f971a74c000

Metaspace:

Usage:
  Non-class:     49.33 MB used.
      Class:      5.41 MB used.
       Both:     54.74 MB used.

Virtual space:
  Non-class space:       56.00 MB reserved,      49.81 MB ( 89%) committed,  7 nodes.
      Class space:        1.00 GB reserved,       5.75 MB ( <1%) committed,  1 nodes.
             Both:        1.05 GB reserved,      55.56 MB (  5%) committed. 

Chunk freelists:
   Non-Class:  2.21 MB
       Class:  2.24 MB
        Both:  4.45 MB

MaxMetaspaceSize: unlimited
CompressedClassSpaceSize: 1.00 GB
Initial GC threshold: 21.00 MB
Current GC threshold: 92.62 MB
CDS: on
MetaspaceReclaimPolicy: balanced
 - commit_granule_bytes: 65536.
 - commit_granule_words: 8192.
 - virtual_space_node_default_size: 1048576.
 - enlarge_chunks_in_place: 1.
 - new_chunks_are_fully_committed: 0.
 - uncommit_free_chunks: 1.
 - use_allocation_guard: 0.
 - handle_deallocations: 1.


Internal statistics:

num_allocs_failed_limit: 8.
num_arena_births: 402.
num_arena_deaths: 82.
num_vsnodes_births: 8.
num_vsnodes_deaths: 0.
num_space_committed: 887.
num_space_uncommitted: 0.
num_chunks_returned_to_freelist: 114.
num_chunks_taken_from_freelist: 2551.
num_chunk_merges: 47.
num_chunk_splits: 1661.
num_chunks_enlarged: 1026.
num_purges: 16.
num_inconsistent_stats: 0.

CodeHeap 'non-profiled nmethods': size=120036Kb used=2423Kb max_used=2423Kb free=117612Kb
 bounds [0x00007f9702f7a000, 0x00007f97031ea000, 0x00007f970a4b3000]
CodeHeap 'profiled nmethods': size=120032Kb used=14228Kb max_used=14293Kb free=105803Kb
 bounds [0x00007f96fba42000, 0x00007f96fc8b2000, 0x00007f9702f7a000]
CodeHeap 'non-nmethods': size=5692Kb used=1377Kb max_used=1392Kb free=4315Kb
 bounds [0x00007f96fb4b3000, 0x00007f96fb723000, 0x00007f96fba42000]
 total_blobs=7191 nmethods=6482 adapters=617
 compilation: enabled
              stopped_count=0, restarted_count=0
 full_count=0

JVMCI Events (20 events):
Event: 230.252 Thread 0x00007f97140b21b0 destroyed JavaVM[1]@0x00007f96f9e9e340 for JVMCI runtime 0
Event: 230.252 Thread 0x00007f97140b21b0 compacted oop handles in JVMCI runtime 0 from 156 to 156
Event: 230.252 Thread 0x00007f97140b21b0 releasing handles for JVMCI runtime 0: oop handles=156, metadata handles={total=1312, live=1064, blocks=41}
Event: 230.252 Thread 0x00007f97140b21b0 detached from JVMCI runtime 0
Event: 238.646 Thread 0x00007f97140b21b0 attached to JVMCI runtime 0
Event: 238.647 Thread 0x00007f97140b21b0 created JavaVM[2]@0x00007f96c049e340 for JVMCI runtime 0
Event: 238.647 Thread 0x00007f97140b21b0 initializing JVMCI runtime 0
Event: 238.647 Thread 0x00007f97140b21b0 done waiting for JavaVM references initialization in JVMCI runtime 0
Event: 254.233 Thread 0x00007f97140b21b0 initialized JVMCI runtime 0
Event: 261.442 Thread 0x00007f97140b21b0 detaching from JVMCI runtime 0: releasing idle compiler thread (0 other threads still attached)
Event: 261.442 Thread 0x00007f97140b21b0 shutting down HotSpotJVMCIRuntime for JVMCI runtime 0
Event: 261.443 Thread 0x00007f97140b21b0 shut down JVMCI runtime 0
Event: 261.444 Thread 0x00007f97140b21b0 destroyed JavaVM[2]@0x00007f96c049e340 for JVMCI runtime 0
Event: 261.444 Thread 0x00007f97140b21b0 compacted oop handles in JVMCI runtime 0 from 52 to 52
Event: 261.444 Thread 0x00007f97140b21b0 releasing handles for JVMCI runtime 0: oop handles=52, metadata handles={total=107, live=100, blocks=41}
Event: 261.444 Thread 0x00007f97140b21b0 detached from JVMCI runtime 0
Event: 294.654 Thread 0x00007f97140b21b0 attached to JVMCI runtime 0
Event: 294.656 Thread 0x00007f97140b21b0 created JavaVM[3]@0x00007f96c049e340 for JVMCI runtime 0
Event: 295.841 Thread 0x00007f97140b21b0 initializing JVMCI runtime 0
Event: 295.841 Thread 0x00007f97140b21b0 done waiting for JavaVM references initialization in JVMCI runtime 0

Compilation events (20 events):
Event: 215.174 Thread 0x00007f97140b21b0 nmethod 8498 0x00007f97031d4790 code [0x00007f97031d49a0, 0x00007f97031d5140]
Event: 215.174 Thread 0x00007f97140b21b0 8489       4       org.eclipse.jdt.core.compiler.CharOperation::indexOf (10 bytes)
Event: 215.178 Thread 0x00007f97140b21b0 nmethod 8489 0x00007f97031d5690 code [0x00007f97031d5800, 0x00007f97031d5a80]
Event: 215.178 Thread 0x00007f97140b21b0 8632       4       java.util.LinkedHashMap::get (29 bytes)
Event: 221.635 Thread 0x00007f97140b21b0 nmethod 8632 0x00007f97031d5c90 code [0x00007f97031d5e20, 0x00007f97031d5f00]
Event: 221.636 Thread 0x00007f97140b21b0 8566       4       java.util.stream.ReduceOps$4ReducingSink::accept (15 bytes)
Event: 221.636 Thread 0x00007f97140b21b0 nmethod 8566 0x00007f97031d6090 code [0x00007f97031d6200, 0x00007f97031d6278]
Event: 221.636 Thread 0x00007f97140b21b0 8589       4       org.eclipse.jdt.core.dom.ASTVisitor::postVisit (1 bytes)
Event: 221.637 Thread 0x00007f97140b21b0 nmethod 8589 0x00007f97031d6390 code [0x00007f97031d6500, 0x00007f97031d6540]
Event: 221.637 Thread 0x00007f97140b21b0 8424       4       sun.nio.fs.UnixFileSystemProvider::getPath (9 bytes)
Event: 227.755 Thread 0x00007f97140b21b0 nmethod 8424 0x00007f97031d6690 code [0x00007f97031d6820, 0x00007f97031d6890]
Event: 227.756 Thread 0x00007f97140b36c0 8652       3       java.util.concurrent.Executors$RunnableAdapter::call (14 bytes)
Event: 227.757 Thread 0x00007f97140b36c0 nmethod 8652 0x00007f96fbf4b390 code [0x00007f96fbf4b540, 0x00007f96fbf4b880]
Event: 238.646 Thread 0x00007f97140b21b0 8653       4       java.util.concurrent.locks.ReentrantLock$Sync::isHeldExclusively (16 bytes)
Event: 254.242 Thread 0x00007f97140b21b0 nmethod 8653 0x00007f97031d6990 code [0x00007f97031d6b00, 0x00007f97031d6b58]
Event: 254.242 Thread 0x00007f97140b21b0 8654       4       java.io.DataOutputStream::writeUTF (7 bytes)
Event: 260.240 Thread 0x00007f97140b21b0 nmethod 8654 0x00007f97031d6c90 code [0x00007f97031d6e80, 0x00007f97031d7780]
Event: 277.426 Thread 0x00007f97140b36c0 8655  s    3       org.eclipse.jdt.internal.core.search.processing.JobManager::currentJob (35 bytes)
Event: 277.427 Thread 0x00007f97140b36c0 nmethod 8655 0x00007f96fbf4a710 code [0x00007f96fbf4a8e0, 0x00007f96fbf4b230]
Event: 294.654 Thread 0x00007f97140b21b0 8656       4       org.eclipse.jdt.internal.compiler.util.HashtableOfModule::get (68 bytes)

GC Heap History (20 events):
Event: 330.942 GC heap before
{Heap before GC invocations=320 (full 216):
 PSYoungGen      total 40448K, used 23039K [0x00000000f5580000, 0x00000000f9100000, 0x0000000100000000)
  eden space 23040K, 99% used [0x00000000f5580000,0x00000000f6bffff8,0x00000000f6c00000)
  from space 17408K, 0% used [0x00000000f8000000,0x00000000f8000000,0x00000000f9100000)
  to   space 13824K, 0% used [0x00000000f6c00000,0x00000000f6c00000,0x00000000f7980000)
 ParOldGen       total 349696K, used 349695K [0x00000000e0000000, 0x00000000f5580000, 0x00000000f5580000)
  object space 349696K, 99% used [0x00000000e0000000,0x00000000f557ffb0,0x00000000f5580000)
 Metaspace       used 56055K, committed 56896K, reserved 1105920K
  class space    used 5542K, committed 5888K, reserved 1048576K
}
Event: 331.972 GC heap after
{Heap after GC invocations=320 (full 216):
 PSYoungGen      total 36864K, used 23039K [0x00000000f5580000, 0x00000000f9100000, 0x0000000100000000)
  eden space 23040K, 99% used [0x00000000f5580000,0x00000000f6bfffd8,0x00000000f6c00000)
  from space 13824K, 0% used [0x00000000f6c00000,0x00000000f6c00000,0x00000000f7980000)
  to   space 17408K, 0% used [0x00000000f8000000,0x00000000f8000000,0x00000000f9100000)
 ParOldGen       total 349696K, used 349695K [0x00000000e0000000, 0x00000000f5580000, 0x00000000f5580000)
  object space 349696K, 99% used [0x00000000e0000000,0x00000000f557ffb0,0x00000000f5580000)
 Metaspace       used 56055K, committed 56896K, reserved 1105920K
  class space    used 5542K, committed 5888K, reserved 1048576K
}
Event: 331.972 GC heap before
{Heap before GC invocations=321 (full 217):
 PSYoungGen      total 36864K, used 23039K [0x00000000f5580000, 0x00000000f9100000, 0x0000000100000000)
  eden space 23040K, 99% used [0x00000000f5580000,0x00000000f6bffff8,0x00000000f6c00000)
  from space 13824K, 0% used [0x00000000f6c00000,0x00000000f6c00000,0x00000000f7980000)
  to   space 17408K, 0% used [0x00000000f8000000,0x00000000f8000000,0x00000000f9100000)
 ParOldGen       total 349696K, used 349695K [0x00000000e0000000, 0x00000000f5580000, 0x00000000f5580000)
  object space 349696K, 99% used [0x00000000e0000000,0x00000000f557ffb0,0x00000000f5580000)
 Metaspace       used 56055K, committed 56896K, reserved 1105920K
  class space    used 5542K, committed 5888K, reserved 1048576K
}
Event: 333.073 GC heap after
{Heap after GC invocations=321 (full 217):
 PSYoungGen      total 40448K, used 23039K [0x00000000f5580000, 0x00000000f9100000, 0x0000000100000000)
  eden space 23040K, 99% used [0x00000000f5580000,0x00000000f6bfffd8,0x00000000f6c00000)
  from space 17408K, 0% used [0x00000000f8000000,0x00000000f8000000,0x00000000f9100000)
  to   space 13824K, 0% used [0x00000000f6c00000,0x00000000f6c00000,0x00000000f7980000)
 ParOldGen       total 349696K, used 349695K [0x00000000e0000000, 0x00000000f5580000, 0x00000000f5580000)
  object space 349696K, 99% used [0x00000000e0000000,0x00000000f557ffb0,0x00000000f5580000)
 Metaspace       used 56055K, committed 56896K, reserved 1105920K
  class space    used 5542K, committed 5888K, reserved 1048576K
}
Event: 333.073 GC heap before
{Heap before GC invocations=322 (full 218):
 PSYoungGen      total 40448K, used 23039K [0x00000000f5580000, 0x00000000f9100000, 0x0000000100000000)
  eden space 23040K, 99% used [0x00000000f5580000,0x00000000f6bffff8,0x00000000f6c00000)
  from space 17408K, 0% used [0x00000000f8000000,0x00000000f8000000,0x00000000f9100000)
  to   space 13824K, 0% used [0x00000000f6c00000,0x00000000f6c00000,0x00000000f7980000)
 ParOldGen       total 349696K, used 349695K [0x00000000e0000000, 0x00000000f5580000, 0x00000000f5580000)
  object space 349696K, 99% used [0x00000000e0000000,0x00000000f557ffb0,0x00000000f5580000)
 Metaspace       used 56055K, committed 56896K, reserved 1105920K
  class space    used 5542K, committed 5888K, reserved 1048576K
}
Event: 334.239 GC heap after
{Heap after GC invocations=322 (full 218):
 PSYoungGen      total 36864K, used 23039K [0x00000000f5580000, 0x00000000f9100000, 0x0000000100000000)
  eden space 23040K, 99% used [0x00000000f5580000,0x00000000f6bffff8,0x00000000f6c00000)
  from space 13824K, 0% used [0x00000000f6c00000,0x00000000f6c00000,0x00000000f7980000)
  to   space 17408K, 0% used [0x00000000f8000000,0x00000000f8000000,0x00000000f9100000)
 ParOldGen       total 349696K, used 349695K [0x00000000e0000000, 0x00000000f5580000, 0x00000000f5580000)
  object space 349696K, 99% used [0x00000000e0000000,0x00000000f557ffb0,0x00000000f5580000)
 Metaspace       used 56055K, committed 56896K, reserved 1105920K
  class space    used 5542K, committed 5888K, reserved 1048576K
}
Event: 334.239 GC heap before
{Heap before GC invocations=323 (full 219):
 PSYoungGen      total 36864K, used 23039K [0x00000000f5580000, 0x00000000f9100000, 0x0000000100000000)
  eden space 23040K, 99% used [0x00000000f5580000,0x00000000f6bffff8,0x00000000f6c00000)
  from space 13824K, 0% used [0x00000000f6c00000,0x00000000f6c00000,0x00000000f7980000)
  to   space 17408K, 0% used [0x00000000f8000000,0x00000000f8000000,0x00000000f9100000)
 ParOldGen       total 349696K, used 349695K [0x00000000e0000000, 0x00000000f5580000, 0x00000000f5580000)
  object space 349696K, 99% used [0x00000000e0000000,0x00000000f557fff0,0x00000000f5580000)
 Metaspace       used 56055K, committed 56896K, reserved 1105920K
  class space    used 5542K, committed 5888K, reserved 1048576K
}
Event: 335.253 GC heap after
{Heap after GC invocations=323 (full 219):
 PSYoungGen      total 40448K, used 23039K [0x00000000f5580000, 0x00000000f9100000, 0x0000000100000000)
  eden space 23040K, 99% used [0x00000000f5580000,0x00000000f6bfffd8,0x00000000f6c00000)
  from space 17408K, 0% used [0x00000000f8000000,0x00000000f8000000,0x00000000f9100000)
  to   space 13824K, 0% used [0x00000000f6c00000,0x00000000f6c00000,0x00000000f7980000)
 ParOldGen       total 349696K, used 349695K [0x00000000e0000000, 0x00000000f5580000, 0x00000000f5580000)
  object space 349696K, 99% used [0x00000000e0000000,0x00000000f557fff0,0x00000000f5580000)
 Metaspace       used 56055K, committed 56896K, reserved 1105920K
  class space    used 5542K, committed 5888K, reserved 1048576K
}
Event: 335.254 GC heap before
{Heap before GC invocations=324 (full 220):
 PSYoungGen      total 40448K, used 23040K [0x00000000f5580000, 0x00000000f9100000, 0x0000000100000000)
  eden space 23040K, 100% used [0x00000000f5580000,0x00000000f6c00000,0x00000000f6c00000)
  from space 17408K, 0% used [0x00000000f8000000,0x00000000f8000000,0x00000000f9100000)
  to   space 13824K, 0% used [0x00000000f6c00000,0x00000000f6c00000,0x00000000f7980000)
 ParOldGen       total 349696K, used 349695K [0x00000000e0000000, 0x00000000f5580000, 0x00000000f5580000)
  object space 349696K, 99% used [0x00000000e0000000,0x00000000f557fff0,0x00000000f5580000)
 Metaspace       used 56055K, committed 56896K, reserved 1105920K
  class space    used 5542K, committed 5888K, reserved 1048576K
}
Event: 336.374 GC heap after
{Heap after GC invocations=324 (full 220):
 PSYoungGen      total 36864K, used 23040K [0x00000000f5580000, 0x00000000f9100000, 0x0000000100000000)
  eden space 23040K, 100% used [0x00000000f5580000,0x00000000f6c00000,0x00000000f6c00000)
  from space 13824K, 0% used [0x00000000f6c00000,0x00000000f6c00000,0x00000000f7980000)
  to   space 17408K, 0% used [0x00000000f8000000,0x00000000f8000000,0x00000000f9100000)
 ParOldGen       total 349696K, used 349695K [0x00000000e0000000, 0x00000000f5580000, 0x00000000f5580000)
  object space 349696K, 99% used [0x00000000e0000000,0x00000000f557fff0,0x00000000f5580000)
 Metaspace       used 56055K, committed 56896K, reserved 1105920K
  class space    used 5542K, committed 5888K, reserved 1048576K
}
Event: 336.374 GC heap before
{Heap before GC invocations=325 (full 221):
 PSYoungGen      total 36864K, used 23040K [0x00000000f5580000, 0x00000000f9100000, 0x0000000100000000)
  eden space 23040K, 100% used [0x00000000f5580000,0x00000000f6c00000,0x00000000f6c00000)
  from space 13824K, 0% used [0x00000000f6c00000,0x00000000f6c00000,0x00000000f7980000)
  to   space 17408K, 0% used [0x00000000f8000000,0x00000000f8000000,0x00000000f9100000)
 ParOldGen       total 349696K, used 349695K [0x00000000e0000000, 0x00000000f5580000, 0x00000000f5580000)
  object space 349696K, 99% used [0x00000000e0000000,0x00000000f557fff0,0x00000000f5580000)
 Metaspace       used 56055K, committed 56896K, reserved 1105920K
  class space    used 5542K, committed 5888K, reserved 1048576K
}
Event: 337.533 GC heap after
{Heap after GC invocations=325 (full 221):
 PSYoungGen      total 40448K, used 23040K [0x00000000f5580000, 0x00000000f9100000, 0x0000000100000000)
  eden space 23040K, 100% used [0x00000000f5580000,0x00000000f6c00000,0x00000000f6c00000)
  from space 17408K, 0% used [0x00000000f8000000,0x00000000f8000000,0x00000000f9100000)
  to   space 13824K, 0% used [0x00000000f6c00000,0x00000000f6c00000,0x00000000f7980000)
 ParOldGen       total 349696K, used 349695K [0x00000000e0000000, 0x00000000f5580000, 0x00000000f5580000)
  object space 349696K, 99% used [0x00000000e0000000,0x00000000f557fff0,0x00000000f5580000)
 Metaspace       used 56055K, committed 56896K, reserved 1105920K
  class space    used 5542K, committed 5888K, reserved 1048576K
}
Event: 337.533 GC heap before
{Heap before GC invocations=326 (full 222):
 PSYoungGen      total 40448K, used 23040K [0x00000000f5580000, 0x00000000f9100000, 0x0000000100000000)
  eden space 23040K, 100% used [0x00000000f5580000,0x00000000f6c00000,0x00000000f6c00000)
  from space 17408K, 0% used [0x00000000f8000000,0x00000000f8000000,0x00000000f9100000)
  to   space 13824K, 0% used [0x00000000f6c00000,0x00000000f6c00000,0x00000000f7980000)
 ParOldGen       total 349696K, used 349695K [0x00000000e0000000, 0x00000000f5580000, 0x00000000f5580000)
  object space 349696K, 99% used [0x00000000e0000000,0x00000000f557fff0,0x00000000f5580000)
 Metaspace       used 56055K, committed 56896K, reserved 1105920K
  class space    used 5542K, committed 5888K, reserved 1048576K
}
Event: 338.744 GC heap after
{Heap after GC invocations=326 (full 222):
 PSYoungGen      total 36864K, used 23039K [0x00000000f5580000, 0x00000000f9100000, 0x0000000100000000)
  eden space 23040K, 99% used [0x00000000f5580000,0x00000000f6bfffd8,0x00000000f6c00000)
  from space 13824K, 0% used [0x00000000f6c00000,0x00000000f6c00000,0x00000000f7980000)
  to   space 17408K, 0% used [0x00000000f8000000,0x00000000f8000000,0x00000000f9100000)
 ParOldGen       total 349696K, used 349695K [0x00000000e0000000, 0x00000000f5580000, 0x00000000f5580000)
  object space 349696K, 99% used [0x00000000e0000000,0x00000000f557fd00,0x00000000f5580000)
 Metaspace       used 56055K, committed 56896K, reserved 1105920K
  class space    used 5542K, committed 5888K, reserved 1048576K
}
Event: 338.751 GC heap before
{Heap before GC invocations=327 (full 223):
 PSYoungGen      total 36864K, used 23039K [0x00000000f5580000, 0x00000000f9100000, 0x0000000100000000)
  eden space 23040K, 99% used [0x00000000f5580000,0x00000000f6bffff8,0x00000000f6c00000)
  from space 13824K, 0% used [0x00000000f6c00000,0x00000000f6c00000,0x00000000f7980000)
  to   space 17408K, 0% used [0x00000000f8000000,0x00000000f8000000,0x00000000f9100000)
 ParOldGen       total 349696K, used 349695K [0x00000000e0000000, 0x00000000f5580000, 0x00000000f5580000)
  object space 349696K, 99% used [0x00000000e0000000,0x00000000f557fd00,0x00000000f5580000)
 Metaspace       used 56055K, committed 56896K, reserved 1105920K
  class space    used 5542K, committed 5888K, reserved 1048576K
}
Event: 339.953 GC heap after
{Heap after GC invocations=327 (full 223):
 PSYoungGen      total 40448K, used 23039K [0x00000000f5580000, 0x00000000f9100000, 0x0000000100000000)
  eden space 23040K, 99% used [0x00000000f5580000,0x00000000f6bffff8,0x00000000f6c00000)
  from space 17408K, 0% used [0x00000000f8000000,0x00000000f8000000,0x00000000f9100000)
  to   space 13824K, 0% used [0x00000000f6c00000,0x00000000f6c00000,0x00000000f7980000)
 ParOldGen       total 349696K, used 349695K [0x00000000e0000000, 0x00000000f5580000, 0x00000000f5580000)
  object space 349696K, 99% used [0x00000000e0000000,0x00000000f557fd00,0x00000000f5580000)
 Metaspace       used 56055K, committed 56896K, reserved 1105920K
  class space    used 5542K, committed 5888K, reserved 1048576K
}
Event: 339.953 GC heap before
{Heap before GC invocations=328 (full 224):
 PSYoungGen      total 40448K, used 23039K [0x00000000f5580000, 0x00000000f9100000, 0x0000000100000000)
  eden space 23040K, 99% used [0x00000000f5580000,0x00000000f6bffff8,0x00000000f6c00000)
  from space 17408K, 0% used [0x00000000f8000000,0x00000000f8000000,0x00000000f9100000)
  to   space 13824K, 0% used [0x00000000f6c00000,0x00000000f6c00000,0x00000000f7980000)
 ParOldGen       total 349696K, used 349695K [0x00000000e0000000, 0x00000000f5580000, 0x00000000f5580000)
  object space 349696K, 99% used [0x00000000e0000000,0x00000000f557ffe8,0x00000000f5580000)
 Metaspace       used 56055K, committed 56896K, reserved 1105920K
  class space    used 5542K, committed 5888K, reserved 1048576K
}
Event: 341.073 GC heap after
{Heap after GC invocations=328 (full 224):
 PSYoungGen      total 36864K, used 23039K [0x00000000f5580000, 0x00000000f9100000, 0x0000000100000000)
  eden space 23040K, 99% used [0x00000000f5580000,0x00000000f6bffff8,0x00000000f6c00000)
  from space 13824K, 0% used [0x00000000f6c00000,0x00000000f6c00000,0x00000000f7980000)
  to   space 17408K, 0% used [0x00000000f8000000,0x00000000f8000000,0x00000000f9100000)
 ParOldGen       total 349696K, used 349695K [0x00000000e0000000, 0x00000000f5580000, 0x00000000f5580000)
  object space 349696K, 99% used [0x00000000e0000000,0x00000000f557fd18,0x00000000f5580000)
 Metaspace       used 56055K, committed 56896K, reserved 1105920K
  class space    used 5542K, committed 5888K, reserved 1048576K
}
Event: 341.073 GC heap before
{Heap before GC invocations=329 (full 225):
 PSYoungGen      total 36864K, used 23039K [0x00000000f5580000, 0x00000000f9100000, 0x0000000100000000)
  eden space 23040K, 99% used [0x00000000f5580000,0x00000000f6bffff8,0x00000000f6c00000)
  from space 13824K, 0% used [0x00000000f6c00000,0x00000000f6c00000,0x00000000f7980000)
  to   space 17408K, 0% used [0x00000000f8000000,0x00000000f8000000,0x00000000f9100000)
 ParOldGen       total 349696K, used 349695K [0x00000000e0000000, 0x00000000f5580000, 0x00000000f5580000)
  object space 349696K, 99% used [0x00000000e0000000,0x00000000f557fd18,0x00000000f5580000)
 Metaspace       used 56055K, committed 56896K, reserved 1105920K
  class space    used 5542K, committed 5888K, reserved 1048576K
}
Event: 342.267 GC heap after
{Heap after GC invocations=329 (full 225):
 PSYoungGen      total 40448K, used 23039K [0x00000000f5580000, 0x00000000f9100000, 0x0000000100000000)
  eden space 23040K, 99% used [0x00000000f5580000,0x00000000f6bffff8,0x00000000f6c00000)
  from space 17408K, 0% used [0x00000000f8000000,0x00000000f8000000,0x00000000f9100000)
  to   space 13824K, 0% used [0x00000000f6c00000,0x00000000f6c00000,0x00000000f7980000)
 ParOldGen       total 349696K, used 349695K [0x00000000e0000000, 0x00000000f5580000, 0x00000000f5580000)
  object space 349696K, 99% used [0x00000000e0000000,0x00000000f557fd18,0x00000000f5580000)
 Metaspace       used 56055K, committed 56896K, reserved 1105920K
  class space    used 5542K, committed 5888K, reserved 1048576K
}

Dll operation events (9 events):
Event: 0.002 Loaded shared library /nix/store/gpxl5qgg8kicmcvivwmybwjlpf7wh20l-graalvm17-ce-22.3.0/lib/libjava.so
Event: 0.007 Loaded shared library /nix/store/gpxl5qgg8kicmcvivwmybwjlpf7wh20l-graalvm17-ce-22.3.0/lib/libjsvml.so
Event: 0.173 Loaded shared library /nix/store/gpxl5qgg8kicmcvivwmybwjlpf7wh20l-graalvm17-ce-22.3.0/lib/libnio.so
Event: 0.176 Loaded shared library /nix/store/gpxl5qgg8kicmcvivwmybwjlpf7wh20l-graalvm17-ce-22.3.0/lib/libzip.so
Event: 0.233 Loaded shared library /nix/store/gpxl5qgg8kicmcvivwmybwjlpf7wh20l-graalvm17-ce-22.3.0/lib/libjvmcicompiler.so
Event: 0.668 Loaded shared library /nix/store/gpxl5qgg8kicmcvivwmybwjlpf7wh20l-graalvm17-ce-22.3.0/lib/libjimage.so
Event: 1.277 Loaded shared library /nix/store/gpxl5qgg8kicmcvivwmybwjlpf7wh20l-graalvm17-ce-22.3.0/lib/libnet.so
Event: 4.856 Loaded shared library /home/runner/.cache/jdt-language-server/config/org.eclipse.equinox.launcher/org.eclipse.equinox.launcher.gtk.linux.x86_64_1.2.400.v20211117-0650/eclipse_11600.so
Event: 14.431 Loaded shared library /nix/store/gpxl5qgg8kicmcvivwmybwjlpf7wh20l-graalvm17-ce-22.3.0/lib/libextnet.so

Deoptimization events (20 events):
Event: 68.533 Thread 0x00007f97143ab6e0 Uncommon trap: trap_request=0xffffffcd fr.pc=0x00007f9703196d22 relative=0x0000000000000202
Event: 68.533 Thread 0x00007f97143ab6e0 Uncommon trap: reason=intrinsic_or_type_checked_inlining action=reinterpret pc=0x00007f9703196d22 method=org.eclipse.jdt.internal.core.util.LRUCache.get(Ljava/lang/Object;)Ljava/lang/Object; @ 8 jvmci
Event: 68.533 Thread 0x00007f97143ab6e0 DEOPT PACKING pc=0x00007f9703196d22 sp=0x00007f96c13fd4c0
Event: 68.533 Thread 0x00007f97143ab6e0 DEOPT UNPACKING pc=0x00007f96fb505325 sp=0x00007f96c13fc948 mode 3
Event: 88.243 Thread 0x00007f96841b88e0 DEOPT PACKING pc=0x00007f96fc570d09 sp=0x00007f96c0bfd350
Event: 88.243 Thread 0x00007f96841b88e0 DEOPT UNPACKING pc=0x00007f96fb505325 sp=0x00007f96c0bfc7d0 mode 0
Event: 156.370 Thread 0x00007f969c0010d0 Uncommon trap: trap_request=0xffffffed fr.pc=0x00007f97031be468 relative=0x0000000000000a68
Event: 156.370 Thread 0x00007f969c0010d0 Uncommon trap: reason=null_assert_or_unreached0 action=reinterpret pc=0x00007f97031be468 method=org.eclipse.jdt.internal.compiler.parser.diagnose.LexStream.reset(I)V @ 9 jvmci
Event: 156.370 Thread 0x00007f969c0010d0 DEOPT PACKING pc=0x00007f97031be468 sp=0x00007f96f81fd990
Event: 156.370 Thread 0x00007f969c0010d0 DEOPT UNPACKING pc=0x00007f96fb505325 sp=0x00007f96f81fce30 mode 3
Event: 171.402 Thread 0x00007f96841d81d0 DEOPT PACKING pc=0x00007f96fc6f4648 sp=0x00007f96c12fdf60
Event: 171.402 Thread 0x00007f96841d81d0 DEOPT UNPACKING pc=0x00007f96fb505325 sp=0x00007f96c12fd428 mode 0
Event: 172.747 Thread 0x00007f96841d81d0 DEOPT PACKING pc=0x00007f96fc6f4648 sp=0x00007f96c12fdae0
Event: 172.747 Thread 0x00007f96841d81d0 DEOPT UNPACKING pc=0x00007f96fb505325 sp=0x00007f96c12fcfa8 mode 0
Event: 176.031 Thread 0x00007f96841d81d0 DEOPT PACKING pc=0x00007f96fc6f4648 sp=0x00007f96c12fd4d0
Event: 176.031 Thread 0x00007f96841d81d0 DEOPT UNPACKING pc=0x00007f96fb505325 sp=0x00007f96c12fc998 mode 0
Event: 319.340 Thread 0x00007f96a8481950 Uncommon trap: trap_request=0xffffff8f fr.pc=0x00007f970315eaa2 relative=0x00000000000011e2
Event: 319.340 Thread 0x00007f96a8481950 Uncommon trap: reason=constraint action=none pc=0x00007f970315eaa2 method=org.eclipse.jdt.internal.core.index.DiskIndex.copyQueryResults(Lorg/eclipse/jdt/internal/compiler/util/HashtableOfObject;I)V @ 123 jvmci
Event: 319.340 Thread 0x00007f96a8481950 DEOPT PACKING pc=0x00007f970315eaa2 sp=0x00007f96c1bfe530
Event: 319.340 Thread 0x00007f96a8481950 DEOPT UNPACKING pc=0x00007f96fb505325 sp=0x00007f96c1bfda28 mode 3

Classes unloaded (20 events):
Event: 164.476 Thread 0x00007f97140a1bf0 Unloading class 0x0000000800ee8400 'jdk/internal/reflect/GeneratedConstructorAccessor9'
Event: 164.476 Thread 0x00007f97140a1bf0 Unloading class 0x0000000800ee8000 'jdk/internal/reflect/GeneratedConstructorAccessor8'
Event: 167.454 Thread 0x00007f97140a1bf0 Unloading class 0x000000080105d400 'java/lang/invoke/LambdaForm$MH+0x000000080105d400'
Event: 167.454 Thread 0x00007f97140a1bf0 Unloading class 0x000000080105d000 'java/lang/invoke/LambdaForm$MH+0x000000080105d000'
Event: 167.454 Thread 0x00007f97140a1bf0 Unloading class 0x000000080105cc00 'java/lang/invoke/LambdaForm$MH+0x000000080105cc00'
Event: 167.454 Thread 0x00007f97140a1bf0 Unloading class 0x000000080105c800 'java/lang/invoke/LambdaForm$MH+0x000000080105c800'
Event: 167.454 Thread 0x00007f97140a1bf0 Unloading class 0x000000080105c400 'java/lang/invoke/LambdaForm$MH+0x000000080105c400'
Event: 167.454 Thread 0x00007f97140a1bf0 Unloading class 0x000000080105c000 'java/lang/invoke/LambdaForm$MH+0x000000080105c000'
Event: 167.454 Thread 0x00007f97140a1bf0 Unloading class 0x0000000800d98400 'java/lang/invoke/LambdaForm$MH+0x0000000800d98400'
Event: 167.454 Thread 0x00007f97140a1bf0 Unloading class 0x0000000800d04000 'java/lang/invoke/LambdaForm$MH+0x0000000800d04000'
Event: 176.955 Thread 0x00007f97140a1bf0 Unloading class 0x0000000801095400 'jdk/internal/reflect/GeneratedSerializationConstructorAccessor4'
Event: 176.955 Thread 0x00007f97140a1bf0 Unloading class 0x0000000801095000 'jdk/internal/reflect/GeneratedSerializationConstructorAccessor3'
Event: 176.955 Thread 0x00007f97140a1bf0 Unloading class 0x0000000801094c00 'jdk/internal/reflect/GeneratedSerializationConstructorAccessor2'
Event: 176.955 Thread 0x00007f97140a1bf0 Unloading class 0x0000000801094800 'jdk/internal/reflect/GeneratedSerializationConstructorAccessor1'
Event: 293.063 Thread 0x00007f97140a1bf0 Unloading class 0x00000008011cc000 'jdk/internal/reflect/GeneratedConstructorAccessor40'
Event: 293.063 Thread 0x00007f97140a1bf0 Unloading class 0x0000000801119800 'jdk/internal/reflect/GeneratedConstructorAccessor34'
Event: 293.063 Thread 0x00007f97140a1bf0 Unloading class 0x0000000801119400 'jdk/internal/reflect/GeneratedConstructorAccessor33'
Event: 293.063 Thread 0x00007f97140a1bf0 Unloading class 0x0000000801119000 'jdk/internal/reflect/GeneratedConstructorAccessor32'
Event: 293.063 Thread 0x00007f97140a1bf0 Unloading class 0x0000000801118c00 'jdk/internal/reflect/GeneratedConstructorAccessor31'
Event: 293.063 Thread 0x00007f97140a1bf0 Unloading class 0x0000000801118800 'jdk/internal/reflect/GeneratedConstructorAccessor30'

Classes redefined (0 events):
No events

Internal exceptions (20 events):
Event: 85.135 Thread 0x00007f96780a7fb0 Exception <a 'sun/nio/fs/UnixException'{0x00000000f6b77870}> (0x00000000f6b77870) 
thrown [src/hotspot/share/prims/jni.cpp, line 516]
Event: 85.135 Thread 0x00007f96780a7fb0 Exception <a 'sun/nio/fs/UnixException'{0x00000000f6b814c0}> (0x00000000f6b814c0) 
thrown [src/hotspot/share/prims/jni.cpp, line 516]
Event: 85.135 Thread 0x00007f96780a7fb0 Exception <a 'sun/nio/fs/UnixException'{0x00000000f6b852d8}> (0x00000000f6b852d8) 
thrown [src/hotspot/share/prims/jni.cpp, line 516]
Event: 85.136 Thread 0x00007f96780a7fb0 Exception <a 'sun/nio/fs/UnixException'{0x00000000f6b862d0}> (0x00000000f6b862d0) 
thrown [src/hotspot/share/prims/jni.cpp, line 516]
Event: 85.139 Thread 0x00007f96780a7fb0 Exception <a 'sun/nio/fs/UnixException'{0x00000000f6ba7808}> (0x00000000f6ba7808) 
thrown [src/hotspot/share/prims/jni.cpp, line 516]
Event: 85.140 Thread 0x00007f96780a7fb0 Exception <a 'sun/nio/fs/UnixException'{0x00000000f6bbd340}> (0x00000000f6bbd340) 
thrown [src/hotspot/share/prims/jni.cpp, line 516]
Event: 85.140 Thread 0x00007f96780a7fb0 Exception <a 'sun/nio/fs/UnixException'{0x00000000f6bcd908}> (0x00000000f6bcd908) 
thrown [src/hotspot/share/prims/jni.cpp, line 516]
Event: 85.140 Thread 0x00007f96780a7fb0 Exception <a 'sun/nio/fs/UnixException'{0x00000000f6bd3680}> (0x00000000f6bd3680) 
thrown [src/hotspot/share/prims/jni.cpp, line 516]
Event: 85.141 Thread 0x00007f96780a7fb0 Exception <a 'sun/nio/fs/UnixException'{0x00000000f6be1770}> (0x00000000f6be1770) 
thrown [src/hotspot/share/prims/jni.cpp, line 516]
Event: 85.141 Thread 0x00007f96780a7fb0 Exception <a 'sun/nio/fs/UnixException'{0x00000000f6be57a8}> (0x00000000f6be57a8) 
thrown [src/hotspot/share/prims/jni.cpp, line 516]
Event: 85.141 Thread 0x00007f96780a7fb0 Exception <a 'sun/nio/fs/UnixException'{0x00000000f6be6580}> (0x00000000f6be6580) 
thrown [src/hotspot/share/prims/jni.cpp, line 516]
Event: 85.141 Thread 0x00007f96780a7fb0 Exception <a 'sun/nio/fs/UnixException'{0x00000000f6bfc390}> (0x00000000f6bfc390) 
thrown [src/hotspot/share/prims/jni.cpp, line 516]
Event: 171.408 Thread 0x00007f9690217470 Exception <a 'sun/nio/fs/UnixException'{0x00000000f6b64ce0}> (0x00000000f6b64ce0) 
thrown [src/hotspot/share/prims/jni.cpp, line 516]
Event: 171.408 Thread 0x00007f9690217470 Exception <a 'sun/nio/fs/UnixException'{0x00000000f6b65458}> (0x00000000f6b65458) 
thrown [src/hotspot/share/prims/jni.cpp, line 516]
Event: 171.409 Thread 0x00007f9690217470 Exception <a 'sun/nio/fs/UnixException'{0x00000000f6b65e68}> (0x00000000f6b65e68) 
thrown [src/hotspot/share/prims/jni.cpp, line 516]
Event: 171.410 Thread 0x00007f9690217470 Exception <a 'sun/nio/fs/UnixException'{0x00000000f6b6cec0}> (0x00000000f6b6cec0) 
thrown [src/hotspot/share/prims/jni.cpp, line 516]
Event: 319.340 Thread 0x00007f96a8481950 Exception <a 'java/lang/OutOfMemoryError'{0x00000000e0004ae0}> (0x00000000e0004ae0) 
thrown [src/hotspot/share/gc/shared/memAllocator.cpp, line 138]
Event: 319.340 Thread 0x00007f96a8481950 Implicit null exception at 0x00007f970315e50e to 0x00007f970315ea87
Event: 337.533 Thread 0x00007f969c0010d0 Exception <a 'java/lang/OutOfMemoryError'{0x00000000e0003fa0}> (0x00000000e0003fa0) 
thrown [src/hotspot/share/gc/shared/memAllocator.cpp, line 136]
Event: 342.267 Thread 0x00007f97140b21b0 Exception <a 'java/lang/OutOfMemoryError'{0x00000000e0004590}> (0x00000000e0004590) 
thrown [src/hotspot/share/gc/shared/memAllocator.cpp, line 136]

VM Operations (20 events):
Event: 328.746 Executing VM operation: ParallelGCFailedAllocation
Event: 329.832 Executing VM operation: ParallelGCFailedAllocation done
Event: 329.833 Executing VM operation: ParallelGCFailedAllocation
Event: 330.938 Executing VM operation: ParallelGCFailedAllocation done
Event: 330.938 Executing VM operation: ParallelGCFailedAllocation
Event: 331.972 Executing VM operation: ParallelGCFailedAllocation done
Event: 331.972 Executing VM operation: ParallelGCFailedAllocation
Event: 333.073 Executing VM operation: ParallelGCFailedAllocation done
Event: 333.073 Executing VM operation: ParallelGCFailedAllocation
Event: 334.239 Executing VM operation: ParallelGCFailedAllocation done
Event: 334.239 Executing VM operation: ParallelGCFailedAllocation
Event: 335.253 Executing VM operation: ParallelGCFailedAllocation done
Event: 335.253 Executing VM operation: ParallelGCFailedAllocation
Event: 337.533 Executing VM operation: ParallelGCFailedAllocation done
Event: 337.533 Executing VM operation: ParallelGCFailedAllocation
Event: 338.744 Executing VM operation: ParallelGCFailedAllocation done
Event: 338.744 Executing VM operation: ParallelGCFailedAllocation
Event: 339.953 Executing VM operation: ParallelGCFailedAllocation done
Event: 339.953 Executing VM operation: ParallelGCFailedAllocation
Event: 342.267 Executing VM operation: ParallelGCFailedAllocation done

Events (20 events):
Event: 75.331 Thread 0x00007f96841e0110 Thread exited: 0x00007f96841e0110
Event: 76.965 Thread 0x00007f96841e0110 Thread added: 0x00007f96841e0110
Event: 76.965 Protecting memory [0x00007f96c1a00000,0x00007f96c1a04000] with protection modes 0
Event: 82.044 Thread 0x00007f96841e0110 Thread exited: 0x00007f96841e0110
Event: 82.048 Thread 0x00007f96841e0110 Thread added: 0x00007f96841e0110
Event: 82.049 Protecting memory [0x00007f96c1a00000,0x00007f96c1a04000] with protection modes 0
Event: 83.561 Thread 0x00007f96841b88e0 Thread exited: 0x00007f96841b88e0
Event: 83.633 Thread 0x00007f96841b88e0 Thread added: 0x00007f96841b88e0
Event: 83.633 Protecting memory [0x00007f96c0b00000,0x00007f96c0b04000] with protection modes 0
Event: 92.554 Thread 0x00007f9690217470 Thread added: 0x00007f9690217470
Event: 92.554 Protecting memory [0x00007f96f8400000,0x00007f96f8404000] with protection modes 0
Event: 157.763 Thread 0x00007f9678000ff0 Thread exited: 0x00007f9678000ff0
Event: 157.763 Thread 0x00007f969c051c30 Thread exited: 0x00007f969c051c30
Event: 163.474 Thread 0x00007f9680001130 Thread exited: 0x00007f9680001130
Event: 168.156 Thread 0x00007f969c007280 Thread exited: 0x00007f969c007280
Event: 168.157 Thread 0x00007f96a8304b30 Thread exited: 0x00007f96a8304b30
Event: 168.157 Thread 0x00007f96780a7fb0 Thread exited: 0x00007f96780a7fb0
Event: 169.753 Thread 0x00007f96a4002300 Thread exited: 0x00007f96a4002300
Event: 169.753 Thread 0x00007f96841b88e0 Thread exited: 0x00007f96841b88e0
Event: 187.733 Thread 0x00007f96841d81d0 Thread exited: 0x00007f96841d81d0


Dynamic libraries:
e0000000-f5580000 rw-p 00000000 00:00 0 
f5580000-f9100000 rw-p 00000000 00:00 0 
f9100000-100000000 ---p 00000000 00:00 0 
800000000-800449000 rw-p 00001000 00:a4c 4611686019135357769             /nix/store/gpxl5qgg8kicmcvivwmybwjlpf7wh20l-graalvm17-ce-22.3.0/lib/server/classes.jsa
800449000-800bc8000 r--p 0044a000 00:a4c 4611686019135357769             /nix/store/gpxl5qgg8kicmcvivwmybwjlpf7wh20l-graalvm17-ce-22.3.0/lib/server/classes.jsa
800bc8000-800c00000 ---p 00000000 00:00 0 
800c00000-800c20000 rw-p 00000000 00:00 0 
800c20000-800c40000 rw-p 00000000 00:00 0 
800c40000-800cc0000 rw-p 00000000 00:00 0 
800cc0000-800d00000 rw-p 00000000 00:00 0 
800d00000-800dc0000 rw-p 00000000 00:00 0 
800dc0000-800e00000 rw-p 00000000 00:00 0 
800e00000-800f40000 rw-p 00000000 00:00 0 
800f40000-800fc0000 rw-p 00000000 00:00 0 
800fc0000-800ff0000 rw-p 00000000 00:00 0 
800ff0000-801000000 ---p 00000000 00:00 0 
801000000-8011d0000 rw-p 00000000 00:00 0 
8011d0000-840c00000 ---p 00000000 00:00 0 
56275aae8000-56275aae9000 r-xp 00000000 00:a4c 4611686019099417844       /nix/store/gpxl5qgg8kicmcvivwmybwjlpf7wh20l-graalvm17-ce-22.3.0/bin/.java-wrapped
56275aaea000-56275aaeb000 r--p 00001000 00:a4c 4611686019099417844       /nix/store/gpxl5qgg8kicmcvivwmybwjlpf7wh20l-graalvm17-ce-22.3.0/bin/.java-wrapped
56275aaeb000-56275aaec000 rw-p 00002000 00:a4c 4611686019099417844       /nix/store/gpxl5qgg8kicmcvivwmybwjlpf7wh20l-graalvm17-ce-22.3.0/bin/.java-wrapped
56275aaec000-56275aaed000 rw-p 00004000 00:a4c 4611686019099417844       /nix/store/gpxl5qgg8kicmcvivwmybwjlpf7wh20l-graalvm17-ce-22.3.0/bin/.java-wrapped
56275aaed000-56275aaee000 rw-p 00005000 00:a4c 4611686019099417844       /nix/store/gpxl5qgg8kicmcvivwmybwjlpf7wh20l-graalvm17-ce-22.3.0/bin/.java-wrapped
56275c77b000-56275c7c3000 rw-p 00000000 00:00 0                          [heap]
7f9648000000-7f964808e000 rw-p 00000000 00:00 0 
7f964808e000-7f964c000000 ---p 00000000 00:00 0 
7f9650000000-7f9650021000 rw-p 00000000 00:00 0 
7f9650021000-7f9654000000 ---p 00000000 00:00 0 
7f9654000000-7f9654021000 rw-p 00000000 00:00 0 
7f9654021000-7f9658000000 ---p 00000000 00:00 0 
7f9658000000-7f9658073000 rw-p 00000000 00:00 0 
7f9658073000-7f965c000000 ---p 00000000 00:00 0 
7f965c000000-7f965c021000 rw-p 00000000 00:00 0 
7f965c021000-7f9660000000 ---p 00000000 00:00 0 
7f9660000000-7f9660022000 rw-p 00000000 00:00 0 
7f9660022000-7f9664000000 ---p 00000000 00:00 0 
7f9664000000-7f966409d000 rw-p 00000000 00:00 0 
7f966409d000-7f9668000000 ---p 00000000 00:00 0 
7f9668000000-7f9668021000 rw-p 00000000 00:00 0 
7f9668021000-7f966c000000 ---p 00000000 00:00 0 
7f966c800000-7f966c9e0000 rw-p 00000000 00:00 0 
7f966c9e0000-7f966d000000 ---p 00000000 00:00 0 
7f966dc00000-7f966df80000 rw-p 00000000 00:00 0 
7f966df80000-7f966dff0000 rw-p 00000000 00:00 0 
7f966dff0000-7f966e000000 ---p 00000000 00:00 0 
7f966e000000-7f966e400000 rw-p 00000000 00:00 0 
7f966e4b3000-7f9678000000 r--s 00000000 00:a4c 4611686019135192581       /nix/store/gpxl5qgg8kicmcvivwmybwjlpf7wh20l-graalvm17-ce-22.3.0/lib/modules
7f9678000000-7f96780f5000 rw-p 00000000 00:00 0 
7f96780f5000-7f967c000000 ---p 00000000 00:00 0 
7f967c000000-7f967c0cd000 rw-p 00000000 00:00 0 
7f967c0cd000-7f9680000000 ---p 00000000 00:00 0 
7f9680000000-7f9680107000 rw-p 00000000 00:00 0 
7f9680107000-7f9684000000 ---p 00000000 00:00 0 
7f9684000000-7f96841f9000 rw-p 00000000 00:00 0 
7f96841f9000-7f9688000000 ---p 00000000 00:00 0 
7f9688000000-7f9688021000 rw-p 00000000 00:00 0 
7f9688021000-7f968c000000 ---p 00000000 00:00 0 
7f968c000000-7f968c021000 rw-p 00000000 00:00 0 
7f968c021000-7f9690000000 ---p 00000000 00:00 0 
7f9690000000-7f969032a000 rw-p 00000000 00:00 0 
7f969032a000-7f9694000000 ---p 00000000 00:00 0 
7f9694000000-7f9694064000 rw-p 00000000 00:00 0 
7f9694064000-7f9698000000 ---p 00000000 00:00 0 
7f9698000000-7f9698021000 rw-p 00000000 00:00 0 
7f9698021000-7f969c000000 ---p 00000000 00:00 0 
7f969c000000-7f969c075000 rw-p 00000000 00:00 0 
7f969c075000-7f96a0000000 ---p 00000000 00:00 0 
7f96a0000000-7f96a0021000 rw-p 00000000 00:00 0 
7f96a0021000-7f96a4000000 ---p 00000000 00:00 0 
7f96a4000000-7f96a4021000 rw-p 00000000 00:00 0 
7f96a4021000-7f96a8000000 ---p 00000000 00:00 0 
7f96a8000000-7f96a8912000 rw-p 00000000 00:00 0 
7f96a8912000-7f96ac000000 ---p 00000000 00:00 0 
7f96ac000000-7f96ac025000 rw-p 00000000 00:00 0 
7f96ac025000-7f96b0000000 ---p 00000000 00:00 0 
7f96b0000000-7f96b0021000 rw-p 00000000 00:00 0 
7f96b0021000-7f96b4000000 ---p 00000000 00:00 0 
7f96b4000000-7f96b4021000 rw-p 00000000 00:00 0 
7f96b4021000-7f96b8000000 ---p 00000000 00:00 0 
7f96b8000000-7f96b8021000 rw-p 00000000 00:00 0 
7f96b8021000-7f96bc000000 ---p 00000000 00:00 0 
7f96bc400000-7f96bc600000 rw-p 00000000 00:00 0 
7f96bc600000-7f96bcc00000 rw-p 00000000 00:00 0 
7f96bcc00000-7f96bcd00000 rw-p 00000000 00:00 0 
7f96bcd00000-7f96bcf00000 rw-p 00000000 00:00 0 
7f96bcf00000-7f96bd100000 rw-p 00000000 00:00 0 
7f96bd100000-7f96bd400000 rw-p 00000000 00:00 0 
7f96bd400000-7f96bd500000 rw-p 00000000 00:00 0 
7f96bd500000-7f96bd600000 rw-p 00000000 00:00 0 
7f96bd600000-7f96bdb80000 rw-p 00000000 00:00 0 
7f96bdb80000-7f96bdc00000 rw-p 00000000 00:00 0 
7f96bdc00000-7f96bdd00000 rw-p 00000000 00:00 0 
7f96bdd00000-7f96bde00000 rw-p 00000000 00:00 0 
7f96bde00000-7f96be100000 rw-p 00000000 00:00 0 
7f96be100000-7f96be200000 rw-p 00000000 00:00 0 
7f96be200000-7f96be400000 rw-p 00000000 00:00 0 
7f96be600000-7f96be610000 r-xp 00000000 00:a49 353                       /home/runner/.cache/jdt-language-server/config/org.eclipse.equinox.launcher/org.eclipse.equinox.launcher.gtk.linux.x86_64_1.2.400.v20211117-0650/eclipse_11600.so
7f96be610000-7f96be80f000 ---p 00010000 00:a49 353                       /home/runner/.cache/jdt-language-server/config/org.eclipse.equinox.launcher/org.eclipse.equinox.launcher.gtk.linux.x86_64_1.2.400.v20211117-0650/eclipse_11600.so
7f96be80f000-7f96be810000 r--p 0000f000 00:a49 353                       /home/runner/.cache/jdt-language-server/config/org.eclipse.equinox.launcher/org.eclipse.equinox.launcher.gtk.linux.x86_64_1.2.400.v20211117-0650/eclipse_11600.so
7f96be810000-7f96be811000 rw-p 00010000 00:a49 353                       /home/runner/.cache/jdt-language-server/config/org.eclipse.equinox.launcher/org.eclipse.equinox.launcher.gtk.linux.x86_64_1.2.400.v20211117-0650/eclipse_11600.so
7f96bf800000-7f96bf900000 ---p 00000000 00:00 0 
7f96bf900000-7f96bfeaf000 r--p 01122000 00:a4c 4611686019135190040       /nix/store/gpxl5qgg8kicmcvivwmybwjlpf7wh20l-graalvm17-ce-22.3.0/lib/libjvmcicompiler.so
7f96bfeaf000-7f96c0000000 r--p 00000000 00:00 0 
7f96c0000000-7f96c003d000 rw-p 00000000 00:00 0 
7f96c003d000-7f96c055d000 rw-p 0185f000 00:a4c 4611686019135190040       /nix/store/gpxl5qgg8kicmcvivwmybwjlpf7wh20l-graalvm17-ce-22.3.0/lib/libjvmcicompiler.so
7f96c055d000-7f96c0944000 r--p 01d7f000 00:a4c 4611686019135190040       /nix/store/gpxl5qgg8kicmcvivwmybwjlpf7wh20l-graalvm17-ce-22.3.0/lib/libjvmcicompiler.so
7f96c0a00000-7f96c0a04000 ---p 00000000 00:00 0 
7f96c0a04000-7f96c0b00000 rw-p 00000000 00:00 0 
7f96c0b00000-7f96c0b04000 ---p 00000000 00:00 0 
7f96c0b04000-7f96c0c00000 rw-p 00000000 00:00 0 
7f96c0d00000-7f96c0d04000 ---p 00000000 00:00 0 
7f96c0d04000-7f96c0e00000 rw-p 00000000 00:00 0 
7f96c0f00000-7f96c0f04000 ---p 00000000 00:00 0 
7f96c0f04000-7f96c1000000 rw-p 00000000 00:00 0 
7f96c1100000-7f96c1104000 ---p 00000000 00:00 0 
7f96c1104000-7f96c1200000 rw-p 00000000 00:00 0 
7f96c1200000-7f96c1204000 ---p 00000000 00:00 0 
7f96c1204000-7f96c1300000 rw-p 00000000 00:00 0 
7f96c1300000-7f96c1304000 ---p 00000000 00:00 0 
7f96c1304000-7f96c1400000 rw-p 00000000 00:00 0 
7f96c1500000-7f96c1504000 ---p 00000000 00:00 0 
7f96c1504000-7f96c1600000 rw-p 00000000 00:00 0 
7f96c1700000-7f96c1704000 ---p 00000000 00:00 0 
7f96c1704000-7f96c1800000 rw-p 00000000 00:00 0 
7f96c1900000-7f96c1904000 ---p 00000000 00:00 0 
7f96c1904000-7f96c1a00000 rw-p 00000000 00:00 0 
7f96c1a00000-7f96c1a04000 ---p 00000000 00:00 0 
7f96c1a04000-7f96c1b00000 rw-p 00000000 00:00 0 
7f96c1b00000-7f96c1b04000 ---p 00000000 00:00 0 
7f96c1b04000-7f96c1c00000 rw-p 00000000 00:00 0 
7f96c1c00000-7f96c3d6a000 r-xp 00000000 00:a4c 4611686019135190040       /nix/store/gpxl5qgg8kicmcvivwmybwjlpf7wh20l-graalvm17-ce-22.3.0/lib/libjvmcicompiler.so
7f96c3d6a000-7f96c3f69000 ---p 0216a000 00:a4c 4611686019135190040       /nix/store/gpxl5qgg8kicmcvivwmybwjlpf7wh20l-graalvm17-ce-22.3.0/lib/libjvmcicompiler.so
7f96c3f69000-7f96c3f6a000 r--p 02169000 00:a4c 4611686019135190040       /nix/store/gpxl5qgg8kicmcvivwmybwjlpf7wh20l-graalvm17-ce-22.3.0/lib/libjvmcicompiler.so
7f96c3f6a000-7f96c3f6c000 rw-p 0216a000 00:a4c 4611686019135190040       /nix/store/gpxl5qgg8kicmcvivwmybwjlpf7wh20l-graalvm17-ce-22.3.0/lib/libjvmcicompiler.so
7f96c3f6c000-7f96c3f6d000 rw-p 00000000 00:00 0 
7f96c3f6d000-7f96c3f72000 rw-p 023c3000 00:a4c 4611686019135190040       /nix/store/gpxl5qgg8kicmcvivwmybwjlpf7wh20l-graalvm17-ce-22.3.0/lib/libjvmcicompiler.so
7f96c4000000-7f96c4021000 rw-p 00000000 00:00 0 
7f96c4021000-7f96c8000000 ---p 00000000 00:00 0 
7f96c8000000-7f96c8021000 rw-p 00000000 00:00 0 
7f96c8021000-7f96cc000000 ---p 00000000 00:00 0 
7f96cc000000-7f96cc021000 rw-p 00000000 00:00 0 
7f96cc021000-7f96d0000000 ---p 00000000 00:00 0 
7f96d0000000-7f96d0021000 rw-p 00000000 00:00 0 
7f96d0021000-7f96d4000000 ---p 00000000 00:00 0 
7f96d4000000-7f96d40e4000 rw-p 00000000 00:00 0 
7f96d40e4000-7f96d8000000 ---p 00000000 00:00 0 
7f96d8000000-7f96d8a8a000 rw-p 00000000 00:00 0 
7f96d8a8a000-7f96dc000000 ---p 00000000 00:00 0 
7f96dc000000-7f96dc021000 rw-p 00000000 00:00 0 
7f96dc021000-7f96e0000000 ---p 00000000 00:00 0 
7f96e0000000-7f96e0021000 rw-p 00000000 00:00 0 
7f96e0021000-7f96e4000000 ---p 00000000 00:00 0 
7f96e4000000-7f96e4021000 rw-p 00000000 00:00 0 
7f96e4021000-7f96e8000000 ---p 00000000 00:00 0 
7f96e8000000-7f96e8021000 rw-p 00000000 00:00 0 
7f96e8021000-7f96ec000000 ---p 00000000 00:00 0 
7f96ec000000-7f96ec021000 rw-p 00000000 00:00 0 
7f96ec021000-7f96f0000000 ---p 00000000 00:00 0 
7f96f0000000-7f96f0021000 rw-p 00000000 00:00 0 
7f96f0021000-7f96f4000000 ---p 00000000 00:00 0 
7f96f4000000-7f96f405d000 rw-p 00000000 00:00 0 
7f96f405d000-7f96f8000000 ---p 00000000 00:00 0 
7f96f8100000-7f96f8104000 ---p 00000000 00:00 0 
7f96f8104000-7f96f8200000 rw-p 00000000 00:00 0 
7f96f8200000-7f96f8204000 ---p 00000000 00:00 0 
7f96f8204000-7f96f8300000 rw-p 00000000 00:00 0 
7f96f8300000-7f96f8304000 ---p 00000000 00:00 0 
7f96f8304000-7f96f8400000 rw-p 00000000 00:00 0 
7f96f8400000-7f96f8404000 ---p 00000000 00:00 0 
7f96f8404000-7f96f8500000 rw-p 00000000 00:00 0 
7f96f8500000-7f96f8504000 ---p 00000000 00:00 0 
7f96f8504000-7f96f8600000 rw-p 00000000 00:00 0 
7f96f8700000-7f96f8704000 ---p 00000000 00:00 0 
7f96f8704000-7f96f8800000 rw-p 00000000 00:00 0 
7f96f8900000-7f96f8904000 ---p 00000000 00:00 0 
7f96f8904000-7f96f8a00000 rw-p 00000000 00:00 0 
7f96f8a00000-7f96f8a04000 ---p 00000000 00:00 0 
7f96f8a04000-7f96f8b00000 rw-p 00000000 00:00 0 
7f96f8b00000-7f96f8b04000 ---p 00000000 00:00 0 
7f96f8b04000-7f96f8c00000 rw-p 00000000 00:00 0 
7f96f8d00000-7f96f8d04000 ---p 00000000 00:00 0 
7f96f8d04000-7f96f8e00000 rw-p 00000000 00:00 0 
7f96f8f00000-7f96f8f04000 ---p 00000000 00:00 0 
7f96f8f04000-7f96f9000000 rw-p 00000000 00:00 0 
7f96f9100000-7f96f9104000 ---p 00000000 00:00 0 
7f96f9104000-7f96f9200000 rw-p 00000000 00:00 0 
7f96f9e68000-7f96fa300000 rw-p 00000000 00:00 0 
7f96fa3fe000-7f96fa3ff000 ---p 00000000 00:00 0 
7f96fa3ff000-7f96fa500000 rw-p 00000000 00:00 0 
7f96fa500000-7f96fa504000 ---p 00000000 00:00 0 
7f96fa504000-7f96fa600000 rw-p 00000000 00:00 0 
7f96fa600000-7f96fa604000 ---p 00000000 00:00 0 
7f96fa604000-7f96fa700000 rw-p 00000000 00:00 0 
7f96fa700000-7f96fa704000 ---p 00000000 00:00 0 
7f96fa704000-7f96fa800000 rw-p 00000000 00:00 0 
7f96fa800000-7f96fa804000 ---p 00000000 00:00 0 
7f96fa804000-7f96faa00000 rw-p 00000000 00:00 0 
7f96faa00000-7f96faa04000 ---p 00000000 00:00 0 
7f96faa04000-7f96fb000000 rw-p 00000000 00:00 0 
7f96fb000000-7f96fb300000 rw-p 00000000 00:00 0 
7f96fb300000-7f96fb400000 rw-p 00000000 00:00 0 
7f96fb4b3000-7f96fb723000 rwxp 00000000 00:00 0 
7f96fb723000-7f96fba42000 ---p 00000000 00:00 0 
7f96fba42000-7f96fc8b2000 rwxp 00000000 00:00 0 
7f96fc8b2000-7f9702f7a000 ---p 00000000 00:00 0 
7f9702f7a000-7f97031ea000 rwxp 00000000 00:00 0 
7f97031ea000-7f970a4b3000 ---p 00000000 00:00 0 
7f970a4b3000-7f9714000000 r--s 00000000 00:a4c 4611686019135192581       /nix/store/gpxl5qgg8kicmcvivwmybwjlpf7wh20l-graalvm17-ce-22.3.0/lib/modules
7f9714000000-7f971460b000 rw-p 00000000 00:00 0 
7f971460b000-7f9718000000 ---p 00000000 00:00 0 
7f9718038000-7f971803a000 r-xp 00000000 00:a4c 4611686019135190017       /nix/store/gpxl5qgg8kicmcvivwmybwjlpf7wh20l-graalvm17-ce-22.3.0/lib/libextnet.so
7f971803a000-7f971803b000 r--p 00001000 00:a4c 4611686019135190017       /nix/store/gpxl5qgg8kicmcvivwmybwjlpf7wh20l-graalvm17-ce-22.3.0/lib/libextnet.so
7f971803b000-7f971803c000 rw-p 00002000 00:a4c 4611686019135190017       /nix/store/gpxl5qgg8kicmcvivwmybwjlpf7wh20l-graalvm17-ce-22.3.0/lib/libextnet.so
7f971803c000-7f971803d000 rw-p 00004000 00:a4c 4611686019135190017       /nix/store/gpxl5qgg8kicmcvivwmybwjlpf7wh20l-graalvm17-ce-22.3.0/lib/libextnet.so
7f971803d000-7f9718041000 ---p 00000000 00:00 0 
7f9718041000-7f971805f000 rw-p 00000000 00:00 0 
7f971805f000-7f9718066000 r-xp 00000000 00:a4c 4611686019135192580       /nix/store/gpxl5qgg8kicmcvivwmybwjlpf7wh20l-graalvm17-ce-22.3.0/lib/libzip.so
7f9718066000-7f9718067000 ---p 00007000 00:a4c 4611686019135192580       /nix/store/gpxl5qgg8kicmcvivwmybwjlpf7wh20l-graalvm17-ce-22.3.0/lib/libzip.so
7f9718067000-7f9718068000 r--p 00007000 00:a4c 4611686019135192580       /nix/store/gpxl5qgg8kicmcvivwmybwjlpf7wh20l-graalvm17-ce-22.3.0/lib/libzip.so
7f9718068000-7f9718069000 rw-p 00008000 00:a4c 4611686019135192580       /nix/store/gpxl5qgg8kicmcvivwmybwjlpf7wh20l-graalvm17-ce-22.3.0/lib/libzip.so
7f9718069000-7f971806b000 rw-p 0000b000 00:a4c 4611686019135192580       /nix/store/gpxl5qgg8kicmcvivwmybwjlpf7wh20l-graalvm17-ce-22.3.0/lib/libzip.so
7f971806b000-7f9718080000 r-xp 00000000 00:a4c 4611686019135192570       /nix/store/gpxl5qgg8kicmcvivwmybwjlpf7wh20l-graalvm17-ce-22.3.0/lib/libnet.so
7f9718080000-7f9718081000 ---p 00015000 00:a4c 4611686019135192570       /nix/store/gpxl5qgg8kicmcvivwmybwjlpf7wh20l-graalvm17-ce-22.3.0/lib/libnet.so
7f9718081000-7f9718082000 r--p 00015000 00:a4c 4611686019135192570       /nix/store/gpxl5qgg8kicmcvivwmybwjlpf7wh20l-graalvm17-ce-22.3.0/lib/libnet.so
7f9718082000-7f9718083000 rw-p 00016000 00:a4c 4611686019135192570       /nix/store/gpxl5qgg8kicmcvivwmybwjlpf7wh20l-graalvm17-ce-22.3.0/lib/libnet.so
7f9718083000-7f9718086000 rw-p 0001b000 00:a4c 4611686019135192570       /nix/store/gpxl5qgg8kicmcvivwmybwjlpf7wh20l-graalvm17-ce-22.3.0/lib/libnet.so
7f9718086000-7f9718099000 r-xp 00000000 00:a4c 4611686019135192571       /nix/store/gpxl5qgg8kicmcvivwmybwjlpf7wh20l-graalvm17-ce-22.3.0/lib/libnio.so
7f9718099000-7f971809a000 r--p 00012000 00:a4c 4611686019135192571       /nix/store/gpxl5qgg8kicmcvivwmybwjlpf7wh20l-graalvm17-ce-22.3.0/lib/libnio.so
7f971809a000-7f971809b000 rw-p 00013000 00:a4c 4611686019135192571       /nix/store/gpxl5qgg8kicmcvivwmybwjlpf7wh20l-graalvm17-ce-22.3.0/lib/libnio.so
7f971809b000-7f97180a0000 rw-p 00019000 00:a4c 4611686019135192571       /nix/store/gpxl5qgg8kicmcvivwmybwjlpf7wh20l-graalvm17-ce-22.3.0/lib/libnio.so
7f97180a0000-7f97180a4000 ---p 00000000 00:00 0 
7f97180a4000-7f97181a0000 rw-p 00000000 00:00 0 
7f97181a0000-7f97181a4000 ---p 00000000 00:00 0 
7f97181a4000-7f97182a0000 rw-p 00000000 00:00 0 
7f97182a0000-7f97182a4000 ---p 00000000 00:00 0 
7f97182a4000-7f97183a0000 rw-p 00000000 00:00 0 
7f97183a0000-7f9718686000 r--p 00000000 00:198 28444448                  /usr/lib/locale/locale-archive
7f9718686000-7f971868a000 ---p 00000000 00:00 0 
7f971868a000-7f9718786000 rw-p 00000000 00:00 0 
7f9718786000-7f971878a000 ---p 00000000 00:00 0 
7f971878a000-7f9718886000 rw-p 00000000 00:00 0 
7f9718886000-7f9718887000 ---p 00000000 00:00 0 
7f9718887000-7f9718988000 rw-p 00000000 00:00 0 
7f9718988000-7f9718a56000 r-xp 00000000 00:a4c 4611686019135190036       /nix/store/gpxl5qgg8kicmcvivwmybwjlpf7wh20l-graalvm17-ce-22.3.0/lib/libjsvml.so
7f9718a56000-7f9718a57000 r--p 000cd000 00:a4c 4611686019135190036       /nix/store/gpxl5qgg8kicmcvivwmybwjlpf7wh20l-graalvm17-ce-22.3.0/lib/libjsvml.so
7f9718a57000-7f9718a58000 rw-p 000ce000 00:a4c 4611686019135190036       /nix/store/gpxl5qgg8kicmcvivwmybwjlpf7wh20l-graalvm17-ce-22.3.0/lib/libjsvml.so
7f9718a58000-7f971a330000 rw-p 00000000 00:00 0 
7f971a330000-7f971a331000 ---p 00000000 00:00 0 
7f971a331000-7f971a4dc000 rw-p 00000000 00:00 0 
7f971a4dc000-7f971a4fb000 rw-p 00000000 00:00 0 
7f971a4fb000-7f971a532000 ---p 00000000 00:00 0 
7f971a532000-7f971a538000 rw-p 00000000 00:00 0 
7f971a538000-7f971a61e000 ---p 00000000 00:00 0 
7f971a61e000-7f971a63b000 rw-p 00000000 00:00 0 
7f971a63b000-7f971a709000 ---p 00000000 00:00 0 
7f971a709000-7f971a70e000 rw-p 00000000 00:00 0 
7f971a70e000-7f971a715000 ---p 00000000 00:00 0 
7f971a715000-7f971a739000 r-xp 00000000 00:a4c 4611686019135190028       /nix/store/gpxl5qgg8kicmcvivwmybwjlpf7wh20l-graalvm17-ce-22.3.0/lib/libjava.so
7f971a739000-7f971a73a000 ---p 00024000 00:a4c 4611686019135190028       /nix/store/gpxl5qgg8kicmcvivwmybwjlpf7wh20l-graalvm17-ce-22.3.0/lib/libjava.so
7f971a73a000-7f971a73b000 r--p 00024000 00:a4c 4611686019135190028       /nix/store/gpxl5qgg8kicmcvivwmybwjlpf7wh20l-graalvm17-ce-22.3.0/lib/libjava.so
7f971a73b000-7f971a73c000 rw-p 00025000 00:a4c 4611686019135190028       /nix/store/gpxl5qgg8kicmcvivwmybwjlpf7wh20l-graalvm17-ce-22.3.0/lib/libjava.so
7f971a73c000-7f971a73d000 rw-p 00000000 00:00 0 
7f971a73d000-7f971a744000 rw-p 0002f000 00:a4c 4611686019135190028       /nix/store/gpxl5qgg8kicmcvivwmybwjlpf7wh20l-graalvm17-ce-22.3.0/lib/libjava.so
7f971a744000-7f971a74c000 rw-s 00000000 00:19b 350                       /tmp/hsperfdata_runner/29
7f971a74c000-7f971a74d000 ---p 00000000 00:00 0 
7f971a74d000-7f971a74e000 r--p 00000000 00:00 0 
7f971a74e000-7f971a74f000 rwxp 00000000 00:00 0 
7f971a74f000-7f971a76a000 r-xp 00000000 00:a4c 4611686019135190032       /nix/store/gpxl5qgg8kicmcvivwmybwjlpf7wh20l-graalvm17-ce-22.3.0/lib/libjimage.so
7f971a76a000-7f971a76b000 ---p 0001b000 00:a4c 4611686019135190032       /nix/store/gpxl5qgg8kicmcvivwmybwjlpf7wh20l-graalvm17-ce-22.3.0/lib/libjimage.so
7f971a76b000-7f971a76d000 r--p 0001b000 00:a4c 4611686019135190032       /nix/store/gpxl5qgg8kicmcvivwmybwjlpf7wh20l-graalvm17-ce-22.3.0/lib/libjimage.so
7f971a76d000-7f971a76e000 rw-p 0001d000 00:a4c 4611686019135190032       /nix/store/gpxl5qgg8kicmcvivwmybwjlpf7wh20l-graalvm17-ce-22.3.0/lib/libjimage.so
7f971a76e000-7f971a76f000 rw-p 00024000 00:a4c 4611686019135190032       /nix/store/gpxl5qgg8kicmcvivwmybwjlpf7wh20l-graalvm17-ce-22.3.0/lib/libjimage.so
7f971a76f000-7f971a773000 ---p 00000000 00:00 0 
7f971a773000-7f971a86f000 rw-p 00000000 00:00 0 
7f971a86f000-7f971a87d000 r--p 00000000 00:a4c 4611686019027979927       /nix/store/4nlgxhb09sdr51nc9hdm8az5b08vzkgx-glibc-2.35-163/lib/libm.so.6
7f971a87d000-7f971a8f0000 r-xp 0000e000 00:a4c 4611686019027979927       /nix/store/4nlgxhb09sdr51nc9hdm8az5b08vzkgx-glibc-2.35-163/lib/libm.so.6
7f971a8f0000-7f971a94d000 r--p 00081000 00:a4c 4611686019027979927       /nix/store/4nlgxhb09sdr51nc9hdm8az5b08vzkgx-glibc-2.35-163/lib/libm.so.6
7f971a94d000-7f971a94e000 r--p 000dd000 00:a4c 4611686019027979927       /nix/store/4nlgxhb09sdr51nc9hdm8az5b08vzkgx-glibc-2.35-163/lib/libm.so.6
7f971a94e000-7f971a94f000 rw-p 000de000 00:a4c 4611686019027979927       /nix/store/4nlgxhb09sdr51nc9hdm8az5b08vzkgx-glibc-2.35-163/lib/libm.so.6
7f971a94f000-7f971a950000 r--p 00000000 00:a4c 4611686019027979946       /nix/store/4nlgxhb09sdr51nc9hdm8az5b08vzkgx-glibc-2.35-163/lib/librt.so.1
7f971a950000-7f971a951000 r-xp 00001000 00:a4c 4611686019027979946       /nix/store/4nlgxhb09sdr51nc9hdm8az5b08vzkgx-glibc-2.35-163/lib/librt.so.1
7f971a951000-7f971a952000 r--p 00002000 00:a4c 4611686019027979946       /nix/store/4nlgxhb09sdr51nc9hdm8az5b08vzkgx-glibc-2.35-163/lib/librt.so.1
7f971a952000-7f971a953000 r--p 00002000 00:a4c 4611686019027979946       /nix/store/4nlgxhb09sdr51nc9hdm8az5b08vzkgx-glibc-2.35-163/lib/librt.so.1
7f971a953000-7f971a954000 rw-p 00003000 00:a4c 4611686019027979946       /nix/store/4nlgxhb09sdr51nc9hdm8az5b08vzkgx-glibc-2.35-163/lib/librt.so.1
7f971a954000-7f971ba67000 r-xp 00000000 00:a4c 4611686019135360866       /nix/store/gpxl5qgg8kicmcvivwmybwjlpf7wh20l-graalvm17-ce-22.3.0/lib/server/libjvm.so
7f971ba67000-7f971ba68000 ---p 01113000 00:a4c 4611686019135360866       /nix/store/gpxl5qgg8kicmcvivwmybwjlpf7wh20l-graalvm17-ce-22.3.0/lib/server/libjvm.so
7f971ba68000-7f971bb1d000 r--p 01113000 00:a4c 4611686019135360866       /nix/store/gpxl5qgg8kicmcvivwmybwjlpf7wh20l-graalvm17-ce-22.3.0/lib/server/libjvm.so
7f971bb1d000-7f971bb51000 rw-p 011c8000 00:a4c 4611686019135360866       /nix/store/gpxl5qgg8kicmcvivwmybwjlpf7wh20l-graalvm17-ce-22.3.0/lib/server/libjvm.so
7f971bb51000-7f971bbad000 rw-p 00000000 00:00 0 
7f971bbad000-7f971bbd5000 r--p 00000000 00:a4c 4611686019027979918       /nix/store/4nlgxhb09sdr51nc9hdm8az5b08vzkgx-glibc-2.35-163/lib/libc.so.6
7f971bbd5000-7f971bd4b000 r-xp 00028000 00:a4c 4611686019027979918       /nix/store/4nlgxhb09sdr51nc9hdm8az5b08vzkgx-glibc-2.35-163/lib/libc.so.6
7f971bd4b000-7f971bda3000 r--p 0019e000 00:a4c 4611686019027979918       /nix/store/4nlgxhb09sdr51nc9hdm8az5b08vzkgx-glibc-2.35-163/lib/libc.so.6
7f971bda3000-7f971bda7000 r--p 001f6000 00:a4c 4611686019027979918       /nix/store/4nlgxhb09sdr51nc9hdm8az5b08vzkgx-glibc-2.35-163/lib/libc.so.6
7f971bda7000-7f971bda9000 rw-p 001fa000 00:a4c 4611686019027979918       /nix/store/4nlgxhb09sdr51nc9hdm8az5b08vzkgx-glibc-2.35-163/lib/libc.so.6
7f971bda9000-7f971bdb8000 rw-p 00000000 00:00 0 
7f971bdb8000-7f971bdb9000 r--p 00000000 00:a4c 4611686019027979923       /nix/store/4nlgxhb09sdr51nc9hdm8az5b08vzkgx-glibc-2.35-163/lib/libdl.so.2
7f971bdb9000-7f971bdba000 r-xp 00001000 00:a4c 4611686019027979923       /nix/store/4nlgxhb09sdr51nc9hdm8az5b08vzkgx-glibc-2.35-163/lib/libdl.so.2
7f971bdba000-7f971bdbb000 r--p 00002000 00:a4c 4611686019027979923       /nix/store/4nlgxhb09sdr51nc9hdm8az5b08vzkgx-glibc-2.35-163/lib/libdl.so.2
7f971bdbb000-7f971bdbc000 r--p 00002000 00:a4c 4611686019027979923       /nix/store/4nlgxhb09sdr51nc9hdm8az5b08vzkgx-glibc-2.35-163/lib/libdl.so.2
7f971bdbc000-7f971bdbd000 rw-p 00003000 00:a4c 4611686019027979923       /nix/store/4nlgxhb09sdr51nc9hdm8az5b08vzkgx-glibc-2.35-163/lib/libdl.so.2
7f971bdbd000-7f971bdbe000 r--p 00000000 00:a4c 4611686019027979942       /nix/store/4nlgxhb09sdr51nc9hdm8az5b08vzkgx-glibc-2.35-163/lib/libpthread.so.0
7f971bdbe000-7f971bdbf000 r-xp 00001000 00:a4c 4611686019027979942       /nix/store/4nlgxhb09sdr51nc9hdm8az5b08vzkgx-glibc-2.35-163/lib/libpthread.so.0
7f971bdbf000-7f971bdc0000 r--p 00002000 00:a4c 4611686019027979942       /nix/store/4nlgxhb09sdr51nc9hdm8az5b08vzkgx-glibc-2.35-163/lib/libpthread.so.0
7f971bdc0000-7f971bdc1000 r--p 00002000 00:a4c 4611686019027979942       /nix/store/4nlgxhb09sdr51nc9hdm8az5b08vzkgx-glibc-2.35-163/lib/libpthread.so.0
7f971bdc1000-7f971bdc2000 rw-p 00003000 00:a4c 4611686019027979942       /nix/store/4nlgxhb09sdr51nc9hdm8az5b08vzkgx-glibc-2.35-163/lib/libpthread.so.0
7f971bdc2000-7f971bdd0000 r-xp 00000000 00:a4c 4611686019135190033       /nix/store/gpxl5qgg8kicmcvivwmybwjlpf7wh20l-graalvm17-ce-22.3.0/lib/libjli.so
7f971bdd0000-7f971bdd1000 ---p 0000e000 00:a4c 4611686019135190033       /nix/store/gpxl5qgg8kicmcvivwmybwjlpf7wh20l-graalvm17-ce-22.3.0/lib/libjli.so
7f971bdd1000-7f971bdd2000 r--p 0000e000 00:a4c 4611686019135190033       /nix/store/gpxl5qgg8kicmcvivwmybwjlpf7wh20l-graalvm17-ce-22.3.0/lib/libjli.so
7f971bdd2000-7f971bdd3000 rw-p 0000f000 00:a4c 4611686019135190033       /nix/store/gpxl5qgg8kicmcvivwmybwjlpf7wh20l-graalvm17-ce-22.3.0/lib/libjli.so
7f971bdd3000-7f971bdd4000 rw-p 00012000 00:a4c 4611686019135190033       /nix/store/gpxl5qgg8kicmcvivwmybwjlpf7wh20l-graalvm17-ce-22.3.0/lib/libjli.so
7f971bdd4000-7f971bdd7000 r--p 00000000 00:a4c 4611686019106210071       /nix/store/026hln0aq1hyshaxsdvhg0kmcm6yf45r-zlib-1.2.13/lib/libz.so.1.2.13
7f971bdd7000-7f971bde9000 r-xp 00003000 00:a4c 4611686019106210071       /nix/store/026hln0aq1hyshaxsdvhg0kmcm6yf45r-zlib-1.2.13/lib/libz.so.1.2.13
7f971bde9000-7f971bdf0000 r--p 00015000 00:a4c 4611686019106210071       /nix/store/026hln0aq1hyshaxsdvhg0kmcm6yf45r-zlib-1.2.13/lib/libz.so.1.2.13
7f971bdf0000-7f971bdf1000 r--p 0001b000 00:a4c 4611686019106210071       /nix/store/026hln0aq1hyshaxsdvhg0kmcm6yf45r-zlib-1.2.13/lib/libz.so.1.2.13
7f971bdf1000-7f971bdf2000 rw-p 0001c000 00:a4c 4611686019106210071       /nix/store/026hln0aq1hyshaxsdvhg0kmcm6yf45r-zlib-1.2.13/lib/libz.so.1.2.13
7f971bdf2000-7f971bdf4000 rw-p 00000000 00:00 0 
7f971bdf4000-7f971bdf6000 r--p 00000000 00:a4c 4611686019027979912       /nix/store/4nlgxhb09sdr51nc9hdm8az5b08vzkgx-glibc-2.35-163/lib/ld-linux-x86-64.so.2
7f971bdf6000-7f971be1d000 r-xp 00002000 00:a4c 4611686019027979912       /nix/store/4nlgxhb09sdr51nc9hdm8az5b08vzkgx-glibc-2.35-163/lib/ld-linux-x86-64.so.2
7f971be1d000-7f971be29000 r--p 00029000 00:a4c 4611686019027979912       /nix/store/4nlgxhb09sdr51nc9hdm8az5b08vzkgx-glibc-2.35-163/lib/ld-linux-x86-64.so.2
7f971be29000-7f971be2b000 r--p 00034000 00:a4c 4611686019027979912       /nix/store/4nlgxhb09sdr51nc9hdm8az5b08vzkgx-glibc-2.35-163/lib/ld-linux-x86-64.so.2
7f971be2b000-7f971be2d000 rw-p 00036000 00:a4c 4611686019027979912       /nix/store/4nlgxhb09sdr51nc9hdm8az5b08vzkgx-glibc-2.35-163/lib/ld-linux-x86-64.so.2
7fffd0fed000-7fffd1011000 rw-p 00000000 00:00 0                          [stack]
7fffd111c000-7fffd1120000 r--p 00000000 00:00 0                          [vvar]
7fffd1120000-7fffd1122000 r-xp 00000000 00:00 0                          [vdso]
ffffffffff600000-ffffffffff601000 --xp 00000000 00:00 0                  [vsyscall]


VM Arguments:
jvm_args: -XX:ThreadPriorityPolicy=1 -XX:+UnlockExperimentalVMOptions -XX:+EnableJVMCIProduct -XX:JVMCIThreadsPerNativeLibraryRuntime=1 -XX:-UnlockExperimentalVMOptions -Declipse.application=org.eclipse.jdt.ls.core.id1 -Dosgi.bundles.defaultStartLevel=4 -Declipse.product=org.eclipse.jdt.ls.core.product -Dlog.level=ALL -Xverify:none -XX:+UseParallelGC -XX:GCTimeRatio=4 -XX:AdaptiveSizePolicyWeight=90 -Dsun.zip.disableMemoryMapping=true -Xmx512m -Xms100m 
java_command: /nix/store/m6gcpi1ii6rghy04cjwjddcavv7i90df-jdt-language-server-1.9.0/share/java/plugins/org.eclipse.equinox.launcher_1.6.400.v20210924-0641.jar --add-modules=ALL-SYSTEM --add-opens java.base/java.util=ALL-UNNAMED --add-opens java.base/java.lang=ALL-UNNAMED -configuration /home/runner/.cache/jdt-language-server/config -data /home/runner/.cache/jdt-language-server/data/home/runner/Aula3POO
java_class_path (initial): /nix/store/m6gcpi1ii6rghy04cjwjddcavv7i90df-jdt-language-server-1.9.0/share/java/plugins/org.eclipse.equinox.launcher_1.6.400.v20210924-0641.jar
Launcher Type: SUN_STANDARD

[Global flags]
    uintx AdaptiveSizePolicyWeight                 = 90                                        {product} {command line}
     intx CICompilerCount                          = 2                                         {product} {ergonomic}
     bool EnableJVMCIProduct                       = true                                {JVMCI product} {jimage}
    uintx GCTimeRatio                              = 4                                         {product} {command line}
   size_t InitialHeapSize                          = 104857600                                 {product} {command line}
     uint JVMCIThreadsPerNativeLibraryRuntime      = 1                                   {JVMCI product} {jimage}
   size_t MaxHeapSize                              = 536870912                                 {product} {command line}
   size_t MaxNewSize                               = 178782208                                 {product} {ergonomic}
   size_t MinHeapDeltaBytes                        = 524288                                    {product} {ergonomic}
   size_t MinHeapSize                              = 104857600                                 {product} {command line}
   size_t NewSize                                  = 34603008                                  {product} {ergonomic}
    uintx NonNMethodCodeHeapSize                   = 5826188                                {pd product} {ergonomic}
    uintx NonProfiledCodeHeapSize                  = 122916026                              {pd product} {ergonomic}
   size_t OldSize                                  = 70254592                                  {product} {ergonomic}
    uintx ProfiledCodeHeapSize                     = 122916026                              {pd product} {ergonomic}
    uintx ReservedCodeCacheSize                    = 251658240                              {pd product} {ergonomic}
     bool SegmentedCodeCache                       = true                                      {product} {ergonomic}
   size_t SoftMaxHeapSize                          = 536870912                              {manageable} {ergonomic}
     intx ThreadPriorityPolicy                     = 1                                         {product} {jimage}
     bool UseCompressedClassPointers               = true                           {product lp64_product} {ergonomic}
     bool UseCompressedOops                        = true                           {product lp64_product} {ergonomic}
     bool UseParallelGC                            = true                                      {product} {command line}

Logging:
Log output configuration:
 #0: stdout all=warning uptime,level,tags
 #1: stderr all=off uptime,level,tags

Environment Variables:
JAVA_HOME=/nix/store/gpxl5qgg8kicmcvivwmybwjlpf7wh20l-graalvm17-ce-22.3.0
PATH=/nix/store/1d6ian3r8kdzspw8hacjhl3xkp40g1lj-binutils-wrapper-2.39/bin:/nix/store/dq0xwmsk1g0i2ayg6pb7y87na2knzylh-gcc-wrapper-11.3.0/bin:/nix/store/bap4d0lpcrhpwmpb8ayjcgkmvfj62lnq-bash-interactive-5.1-p16/bin:/nix/store/pr5n59mb4jzmfx6kanwxly0l07p861fg-patchelf-0.15.0/bin:/nix/store/1gf2flfqnpqbr1b4p4qz2f72y42bs56r-gcc-11.3.0/bin:/nix/store/57xv61c5zi8pphjbcwxxjlgc34p61ic9-glibc-2.35-163-bin/bin:/nix/store/a7gvj343m05j2s32xcnwr35v31ynlypr-coreutils-9.1/bin:/nix/store/039g378vc3pc3dvi9dzdlrd0i4q93qwf-binutils-2.39/bin:/nix/store/gpxl5qgg8kicmcvivwmybwjlpf7wh20l-graalvm17-ce-22.3.0/bin:/nix/store/6z9ag3ihc8mq2hzsw48lhbznvzny65nz-apache-maven-3.8.6/bin:/nix/store/m6gcpi1ii6rghy04cjwjddcavv7i90df-jdt-language-server-1.9.0/bin:/nix/store/84xs5alhs01zrbr4ywm05kxbjbp5590l-java-debug/bin:/nix/store/mydc6f4k2z73xlcz7ilif3v2lcaiqvza-findutils-4.9.0/bin:/nix/store/j9p3g8472iijd50vhdprx0nmk2fqn5gv-diffutils-3.8/bin:/nix/store/89zs7rms6x00xfq4dq6m7mjnhkr8a6r4-gnused-4.8/bin:/nix/store/86bp03jkmsl6f92w0yzg4s59g5mhxwmy-gnugrep-3.7/bin:/nix/store/hwcdqw4jrjnd37wxqgsd47hd0j8bnj09-gawk-5.1.1/bin:/nix/store/cfbhw8r8ags41vwqaz47r583d0p4h4a1-gnutar-1.34/bin:/nix/store/p3m1ndl1lapwrlh698bnb5lvvxh67378-gzip-1.12/bin:/nix/store/a8mhcagrsly7c7mpjrpsnaahk4aax056-bzip2-1.0.8-bin/bin:/nix/store/mblgz65m3zv9x548a3d5m96fj2pbwr09-gnumake-4.3/bin:/nix/store/dsd5gz46hdbdk2rfdimqddhq6m8m8fqs-bash-5.1-p16/bin:/nix/store/v7ljksji50mg3w61dykaa3n3y79n6nil-patch-2.7.6/bin:/nix/store/zlcnmqq14jz5x9439jf937mvayyl63da-xz-5.2.7-bin/bin:/nix/store/y6aj732zm9m87c82fpvf103a1xb22blp-file-5.43/bin:/nix/store/sgqd0ajghcv2axfl1lad0b1alyavp0dc-prybar-elisp-0.0.0-67f7a00/bin:/nix/store/p3hsvljpgs68jqwar41lc0jqhjj734lf-prybar-lua-0.0.0-67f7a00/bin:/nix/store/qzxs2gybds3s9kb1vkaflpgm2nwr85fh-prybar-python3-0.0.0-67f7a00/bin:/nix/store/km94z9mxp8w4m8gxxp5mbfpdf3nkfvd8-prybar-sqlite-0.0.0-67f7a00/bin:/nix/store/2pnc7b76asw0z59c4l6h6qy8arwqrii1-prybar-tcl-0.0.0-67f7a00/bin:/nix/store/hpbvrlwd5viqmvcaisb3x0118i913a9n-st
LD_LIBRARY_PATH=/nix/store/a4pff549sk2idnkpzk5nsfps3mdkdnvm-cups-2.4.2-lib/lib:/nix/store/72mqxxhh3cy5yifh92wh2yb8cl2hikyy-cairo-1.16.0/lib:/nix/store/2k366jrbsra97gjfxwvrhvixjfxdach5-glib-2.74.1/lib:/nix/store/2j2znigd8ak37rlwh9khz0ry3clqlw1l-gtk+3-3.24.34/lib:/nix/store/hisqvx32cd57apbpcsnkpx6k3549wql1-libglvnd-1.4.0/lib:/nix/store/p36pgcv991mq5srvg765b78yqpxvk3qs-mesa-21.3.3-drivers/lib:/nix/store/mav4251if1ahjq5vkpwycyyvnmy459c4-pulseaudio-14.2/lib
DISPLAY=:0
LANG=en_US.UTF-8

Signal Handlers:
   SIGSEGV: crash_handler in libjvm.so, mask=11100100010111111101111111111110, flags=SA_RESTART|SA_SIGINFO
    SIGBUS: crash_handler in libjvm.so, mask=11100100010111111101111111111110, flags=SA_RESTART|SA_SIGINFO
    SIGFPE: crash_handler in libjvm.so, mask=11100100010111111101111111111110, flags=SA_RESTART|SA_SIGINFO
   SIGPIPE: IsolateEnterStub_IgnoreSIGPIPEStartupHook_noopSignalHandler_8f19bff2f35b5f630d83b364d6b2339320d4ec70_216e8361c6bc87a8f89f58cc10d3b2fd4415bf87 in libjvmcicompiler.so, mask=00000000000000000000000000000000, flags=SA_RESTART
  *** Handler was modified!
  *** Expected: javaSignalHandler in libjvm.so, mask=11100100110111111111111111111110, flags=SA_RESTART|SA_SIGINFO
   SIGXFSZ: javaSignalHandler in libjvm.so, mask=11100100010111111101111111111110, flags=SA_RESTART|SA_SIGINFO
    SIGILL: crash_handler in libjvm.so, mask=11100100010111111101111111111110, flags=SA_RESTART|SA_SIGINFO
   SIGUSR2: SR_handler in libjvm.so, mask=00000000000000000000000000000000, flags=SA_RESTART|SA_SIGINFO
    SIGHUP: UserHandler in libjvm.so, mask=11100100010111111101111111111110, flags=SA_RESTART|SA_SIGINFO
    SIGINT: UserHandler in libjvm.so, mask=11100100010111111101111111111110, flags=SA_RESTART|SA_SIGINFO
   SIGTERM: UserHandler in libjvm.so, mask=11100100010111111101111111111110, flags=SA_RESTART|SA_SIGINFO
   SIGQUIT: UserHandler in libjvm.so, mask=11100100010111111101111111111110, flags=SA_RESTART|SA_SIGINFO
  *** Handler was modified!
  *** Expected: javaSignalHandler in libjvm.so, mask=11100100110111111111111111111110, flags=SA_RESTART|SA_SIGINFO
   SIGTRAP: crash_handler in libjvm.so, mask=11100100010111111101111111111110, flags=SA_RESTART|SA_SIGINFO


---------------  S Y S T E M  ---------------

OS:
DISTRIB_ID=Ubuntu
DISTRIB_RELEASE=20.04
DISTRIB_CODENAME=focal
DISTRIB_DESCRIPTION="Ubuntu 20.04.2 LTS"
uname: Linux 5.15.0-1027-gcp #34~20.04.1-Ubuntu SMP Mon Jan 9 18:40:09 UTC 2023 x86_64
OS uptime: 0 days 0:29 hours
libc: glibc 2.35 NPTL 2.35 
rlimit (soft/hard): STACK 8192k/infinity , CORE infinity/infinity , NPROC infinity/infinity , NOFILE 5242/5242 , AS infinity/infinity , CPU infinity/infinity , DATA infinity/infinity , FSIZE infinity/infinity , MEMLOCK 64k/64k
load average: 5.80 6.20 4.81

/proc/meminfo:
MemTotal:       65852736 kB
MemFree:        45383512 kB
MemAvailable:   56727868 kB
Buffers:          569396 kB
Cached:         10558044 kB
SwapCached:            0 kB
Active:          3515428 kB
Inactive:       14613944 kB
Active(anon):      11560 kB
Inactive(anon):  6728260 kB
Active(file):    3503868 kB
Inactive(file):  7885684 kB
Unevictable:       44172 kB
Mlocked:           44172 kB
SwapTotal:             0 kB
SwapFree:              0 kB
Dirty:             16344 kB
Writeback:             4 kB
AnonPages:       6914612 kB
Mapped:          1423832 kB
Shmem:             23584 kB
KReclaimable:     681404 kB
Slab:            1533624 kB
SReclaimable:     681404 kB
SUnreclaim:       852220 kB
KernelStack:      363504 kB
PageTables:        94876 kB
NFS_Unstable:          0 kB
Bounce:                0 kB
WritebackTmp:          0 kB
CommitLimit:    32926368 kB
Committed_AS:   38073068 kB
VmallocTotal:   34359738367 kB
VmallocUsed:      390280 kB
VmallocChunk:          0 kB
Percpu:            36320 kB
HardwareCorrupted:     0 kB
AnonHugePages:    106496 kB
ShmemHugePages:        0 kB
ShmemPmdMapped:        0 kB
FileHugePages:         0 kB
FilePmdMapped:         0 kB
HugePages_Total:       0
HugePages_Free:        0
HugePages_Rsvd:        0
HugePages_Surp:        0
Hugepagesize:       2048 kB
Hugetlb:               0 kB
DirectMap4k:     1078080 kB
DirectMap2M:    23035904 kB
DirectMap1G:    45088768 kB

/sys/kernel/mm/transparent_hugepage/enabled: always [madvise] never
/sys/kernel/mm/transparent_hugepage/defrag (defrag/compaction efforts parameter): always defer defer+madvise [madvise] never

Process Memory:
Virtual Size: 4921432K (peak: 5015356K)
Resident Set Size: 744872K (peak: 789312K) (anon: 550296K, file: 194576K, shmem: 0K)
Swapped out: 0K
C-Heap outstanding allocations: 41008K, retained: 10691K
glibc malloc tunables: (default)

/proc/sys/kernel/threads-max (system-wide limit on the number of threads): 514406
/proc/sys/vm/max_map_count (maximum number of memory map areas a process may have): 65530
/proc/sys/kernel/pid_max (system-wide limit on number of process identifiers): 4194304

container (cgroup) information:
container_type: cgroupv1
cpu_cpuset_cpus: 2-7
cpu_memory_nodes: 0
active_processor_count: 1
cpu_quota: 50000
cpu_period: 100000
cpu_shares: 512
memory_limit_in_bytes: 1048576 k
memory_and_swap_limit_in_bytes: 1048576 k
memory_soft_limit_in_bytes: 524288 k
memory_usage_in_bytes: 589300 k
memory_max_usage_in_bytes: 621880 k
maximum number of tasks: 1000
current number of tasks: 46

KVM virtualization detected
Steal ticks since vm start: 0
Steal ticks percentage since vm start:  0.000

CPU: total 8 (initial active 1) (8 cores per cpu, 2 threads per core) family 23 model 49 stepping 0 microcode 0xffffffff, cx8, cmov, fxsr, ht, mmx, 3dnowpref, sse, sse2, sse3, ssse3, sse4a, sse4.1, sse4.2, popcnt, lzcnt, tsc, tscinvbit, avx, avx2, aes, clmul, bmi1, bmi2, adx, sha, fma, vzeroupper, clflush, clflushopt, hv
CPU Model and flags from /proc/cpuinfo:
model name	: AMD EPYC 7B12
flags		: fpu vme de pse tsc msr pae mce cx8 apic sep mtrr pge mca cmov pat pse36 clflush mmx fxsr sse sse2 ht syscall nx mmxext fxsr_opt pdpe1gb rdtscp lm constant_tsc rep_good nopl nonstop_tsc cpuid extd_apicid tsc_known_freq pni pclmulqdq ssse3 fma cx16 sse4_1 sse4_2 movbe popcnt aes xsave avx f16c rdrand hypervisor lahf_lm cmp_legacy cr8_legacy abm sse4a misalignsse 3dnowprefetch osvw topoext ssbd ibrs ibpb stibp vmmcall fsgsbase tsc_adjust bmi1 avx2 smep bmi2 rdseed adx smap clflushopt clwb sha_ni xsaveopt xsavec xgetbv1 clzero xsaveerptr arat npt nrip_save umip rdpid

Online cpus: 0-7
Offline cpus: 
BIOS frequency limitation: <Not Available>
Frequency switch latency (ns): <Not Available>
Available cpu frequencies: <Not Available>
Current governor: <Not Available>
Core performance/turbo boost: <Not Available>

Memory: 4k page, physical 1048576k(459264k free), swap 0k(0k free)
Page Sizes: 4k

vm_info: OpenJDK 64-Bit Server VM (17.0.5+8-jvmci-22.3-b08) for linux-amd64 JRE (17.0.5+8-jvmci-22.3-b08), built on Oct 19 2022 09:01:27 by "buildslave" with gcc 10.3.0

END.
